[2017-02-25 20:28:03] local.ERROR: exception 'Symfony\Component\Debug\Exception\FatalErrorException' with message 'Class 'App\Providers\RouteServiceProvider' not found' in W:\domains\-graduate_work1\vendor\laravel\framework\src\Illuminate\Foundation\ProviderRepository.php:146
Stack trace:
#0 {main}  
[2017-02-25 20:28:41] local.ERROR: exception 'Symfony\Component\Debug\Exception\FatalErrorException' with message 'Class 'App\Providers\RouteServiceProvider' not found' in W:\domains\-graduate_work1\vendor\laravel\framework\src\Illuminate\Foundation\ProviderRepository.php:146
Stack trace:
#0 {main}  
[2017-02-25 20:29:09] local.ERROR: exception 'Symfony\Component\Debug\Exception\FatalErrorException' with message 'Class 'App\Providers\RouteServiceProvider' not found' in W:\domains\-graduate_work1\vendor\laravel\framework\src\Illuminate\Foundation\ProviderRepository.php:146
Stack trace:
#0 {main}  
[2017-02-25 20:31:50] local.ERROR: exception 'Symfony\Component\Debug\Exception\FatalErrorException' with message 'Class 'App\Providers\RouteServiceProvider' not found' in W:\domains\-graduate_work1\vendor\laravel\framework\src\Illuminate\Foundation\ProviderRepository.php:146
Stack trace:
#0 {main}  
[2017-02-25 20:36:11] local.ERROR: exception 'Symfony\Component\Debug\Exception\FatalErrorException' with message 'Class 'App\Providers\RouteServiceProvider' not found' in W:\domains\-graduate_work1\vendor\laravel\framework\src\Illuminate\Foundation\ProviderRepository.php:146
Stack trace:
#0 {main}  
[2017-02-27 18:14:50] local.ERROR: exception 'ReflectionException' with message 'Class App\Http\Controllers\FileController does not exist' in W:\domains\-graduate_work1\vendor\laravel\framework\src\Illuminate\Container\Container.php:741
Stack trace:
#0 W:\domains\-graduate_work1\vendor\laravel\framework\src\Illuminate\Container\Container.php(741): ReflectionClass->__construct('App\\Http\\Contro...')
#1 W:\domains\-graduate_work1\vendor\laravel\framework\src\Illuminate\Container\Container.php(631): Illuminate\Container\Container->build('App\\Http\\Contro...', Array)
#2 W:\domains\-graduate_work1\vendor\laravel\framework\src\Illuminate\Foundation\Application.php(674): Illuminate\Container\Container->make('App\\Http\\Contro...', Array)
#3 W:\domains\-graduate_work1\vendor\laravel\framework\src\Illuminate\Routing\ControllerDispatcher.php(85): Illuminate\Foundation\Application->make('App\\Http\\Contro...')
#4 W:\domains\-graduate_work1\vendor\laravel\framework\src\Illuminate\Routing\ControllerDispatcher.php(57): Illuminate\Routing\ControllerDispatcher->makeController('App\\Http\\Contro...')
#5 W:\domains\-graduate_work1\vendor\laravel\framework\src\Illuminate\Routing\Route.php(203): Illuminate\Routing\ControllerDispatcher->dispatch(Object(Illuminate\Routing\Route), Object(Illuminate\Http\Request), 'App\\Http\\Contro...', 'ReviewListFileT...')
#6 W:\domains\-graduate_work1\vendor\laravel\framework\src\Illuminate\Routing\Route.php(134): Illuminate\Routing\Route->runWithCustomDispatcher(Object(Illuminate\Http\Request))
#7 W:\domains\-graduate_work1\vendor\laravel\framework\src\Illuminate\Routing\Router.php(708): Illuminate\Routing\Route->run(Object(Illuminate\Http\Request))
#8 [internal function]: Illuminate\Routing\Router->Illuminate\Routing\{closure}(Object(Illuminate\Http\Request))
#9 W:\domains\-graduate_work1\vendor\laravel\framework\src\Illuminate\Pipeline\Pipeline.php(139): call_user_func(Object(Closure), Object(Illuminate\Http\Request))
#10 [internal function]: Illuminate\Pipeline\Pipeline->Illuminate\Pipeline\{closure}(Object(Illuminate\Http\Request))
#11 W:\domains\-graduate_work1\vendor\laravel\framework\src\Illuminate\Pipeline\Pipeline.php(103): call_user_func(Object(Closure), Object(Illuminate\Http\Request))
#12 W:\domains\-graduate_work1\vendor\laravel\framework\src\Illuminate\Routing\Router.php(710): Illuminate\Pipeline\Pipeline->then(Object(Closure))
#13 W:\domains\-graduate_work1\vendor\laravel\framework\src\Illuminate\Routing\Router.php(675): Illuminate\Routing\Router->runRouteWithinStack(Object(Illuminate\Routing\Route), Object(Illuminate\Http\Request))
#14 W:\domains\-graduate_work1\vendor\laravel\framework\src\Illuminate\Routing\Router.php(635): Illuminate\Routing\Router->dispatchToRoute(Object(Illuminate\Http\Request))
#15 W:\domains\-graduate_work1\vendor\laravel\framework\src\Illuminate\Foundation\Http\Kernel.php(236): Illuminate\Routing\Router->dispatch(Object(Illuminate\Http\Request))
#16 [internal function]: Illuminate\Foundation\Http\Kernel->Illuminate\Foundation\Http\{closure}(Object(Illuminate\Http\Request))
#17 W:\domains\-graduate_work1\vendor\laravel\framework\src\Illuminate\Pipeline\Pipeline.php(139): call_user_func(Object(Closure), Object(Illuminate\Http\Request))
#18 W:\domains\-graduate_work1\vendor\laravel\framework\src\Illuminate\Foundation\Http\Middleware\VerifyCsrfToken.php(50): Illuminate\Pipeline\Pipeline->Illuminate\Pipeline\{closure}(Object(Illuminate\Http\Request))
#19 [internal function]: Illuminate\Foundation\Http\Middleware\VerifyCsrfToken->handle(Object(Illuminate\Http\Request), Object(Closure))
#20 W:\domains\-graduate_work1\vendor\laravel\framework\src\Illuminate\Pipeline\Pipeline.php(124): call_user_func_array(Array, Array)
#21 W:\domains\-graduate_work1\vendor\laravel\framework\src\Illuminate\View\Middleware\ShareErrorsFromSession.php(49): Illuminate\Pipeline\Pipeline->Illuminate\Pipeline\{closure}(Object(Illuminate\Http\Request))
#22 [internal function]: Illuminate\View\Middleware\ShareErrorsFromSession->handle(Object(Illuminate\Http\Request), Object(Closure))
#23 W:\domains\-graduate_work1\vendor\laravel\framework\src\Illuminate\Pipeline\Pipeline.php(124): call_user_func_array(Array, Array)
#24 W:\domains\-graduate_work1\vendor\laravel\framework\src\Illuminate\Session\Middleware\StartSession.php(62): Illuminate\Pipeline\Pipeline->Illuminate\Pipeline\{closure}(Object(Illuminate\Http\Request))
#25 [internal function]: Illuminate\Session\Middleware\StartSession->handle(Object(Illuminate\Http\Request), Object(Closure))
#26 W:\domains\-graduate_work1\vendor\laravel\framework\src\Illuminate\Pipeline\Pipeline.php(124): call_user_func_array(Array, Array)
#27 W:\domains\-graduate_work1\vendor\laravel\framework\src\Illuminate\Cookie\Middleware\AddQueuedCookiesToResponse.php(37): Illuminate\Pipeline\Pipeline->Illuminate\Pipeline\{closure}(Object(Illuminate\Http\Request))
#28 [internal function]: Illuminate\Cookie\Middleware\AddQueuedCookiesToResponse->handle(Object(Illuminate\Http\Request), Object(Closure))
#29 W:\domains\-graduate_work1\vendor\laravel\framework\src\Illuminate\Pipeline\Pipeline.php(124): call_user_func_array(Array, Array)
#30 W:\domains\-graduate_work1\vendor\laravel\framework\src\Illuminate\Cookie\Middleware\EncryptCookies.php(59): Illuminate\Pipeline\Pipeline->Illuminate\Pipeline\{closure}(Object(Illuminate\Http\Request))
#31 [internal function]: Illuminate\Cookie\Middleware\EncryptCookies->handle(Object(Illuminate\Http\Request), Object(Closure))
#32 W:\domains\-graduate_work1\vendor\laravel\framework\src\Illuminate\Pipeline\Pipeline.php(124): call_user_func_array(Array, Array)
#33 W:\domains\-graduate_work1\vendor\laravel\framework\src\Illuminate\Foundation\Http\Middleware\CheckForMaintenanceMode.php(44): Illuminate\Pipeline\Pipeline->Illuminate\Pipeline\{closure}(Object(Illuminate\Http\Request))
#34 [internal function]: Illuminate\Foundation\Http\Middleware\CheckForMaintenanceMode->handle(Object(Illuminate\Http\Request), Object(Closure))
#35 W:\domains\-graduate_work1\vendor\laravel\framework\src\Illuminate\Pipeline\Pipeline.php(124): call_user_func_array(Array, Array)
#36 [internal function]: Illuminate\Pipeline\Pipeline->Illuminate\Pipeline\{closure}(Object(Illuminate\Http\Request))
#37 W:\domains\-graduate_work1\vendor\laravel\framework\src\Illuminate\Pipeline\Pipeline.php(103): call_user_func(Object(Closure), Object(Illuminate\Http\Request))
#38 W:\domains\-graduate_work1\vendor\laravel\framework\src\Illuminate\Foundation\Http\Kernel.php(122): Illuminate\Pipeline\Pipeline->then(Object(Closure))
#39 W:\domains\-graduate_work1\vendor\laravel\framework\src\Illuminate\Foundation\Http\Kernel.php(87): Illuminate\Foundation\Http\Kernel->sendRequestThroughRouter(Object(Illuminate\Http\Request))
#40 W:\domains\-graduate_work1\public\index.php(54): Illuminate\Foundation\Http\Kernel->handle(Object(Illuminate\Http\Request))
#41 {main}  
[2017-02-27 18:15:18] local.ERROR: exception 'ReflectionException' with message 'Class App\Http\Controllers\FileController does not exist' in W:\domains\-graduate_work1\vendor\laravel\framework\src\Illuminate\Container\Container.php:741
Stack trace:
#0 W:\domains\-graduate_work1\vendor\laravel\framework\src\Illuminate\Container\Container.php(741): ReflectionClass->__construct('App\\Http\\Contro...')
#1 W:\domains\-graduate_work1\vendor\laravel\framework\src\Illuminate\Container\Container.php(631): Illuminate\Container\Container->build('App\\Http\\Contro...', Array)
#2 W:\domains\-graduate_work1\vendor\laravel\framework\src\Illuminate\Foundation\Application.php(674): Illuminate\Container\Container->make('App\\Http\\Contro...', Array)
#3 W:\domains\-graduate_work1\vendor\laravel\framework\src\Illuminate\Routing\ControllerDispatcher.php(85): Illuminate\Foundation\Application->make('App\\Http\\Contro...')
#4 W:\domains\-graduate_work1\vendor\laravel\framework\src\Illuminate\Routing\ControllerDispatcher.php(57): Illuminate\Routing\ControllerDispatcher->makeController('App\\Http\\Contro...')
#5 W:\domains\-graduate_work1\vendor\laravel\framework\src\Illuminate\Routing\Route.php(203): Illuminate\Routing\ControllerDispatcher->dispatch(Object(Illuminate\Routing\Route), Object(Illuminate\Http\Request), 'App\\Http\\Contro...', 'ReviewListFileT...')
#6 W:\domains\-graduate_work1\vendor\laravel\framework\src\Illuminate\Routing\Route.php(134): Illuminate\Routing\Route->runWithCustomDispatcher(Object(Illuminate\Http\Request))
#7 W:\domains\-graduate_work1\vendor\laravel\framework\src\Illuminate\Routing\Router.php(708): Illuminate\Routing\Route->run(Object(Illuminate\Http\Request))
#8 [internal function]: Illuminate\Routing\Router->Illuminate\Routing\{closure}(Object(Illuminate\Http\Request))
#9 W:\domains\-graduate_work1\vendor\laravel\framework\src\Illuminate\Pipeline\Pipeline.php(139): call_user_func(Object(Closure), Object(Illuminate\Http\Request))
#10 [internal function]: Illuminate\Pipeline\Pipeline->Illuminate\Pipeline\{closure}(Object(Illuminate\Http\Request))
#11 W:\domains\-graduate_work1\vendor\laravel\framework\src\Illuminate\Pipeline\Pipeline.php(103): call_user_func(Object(Closure), Object(Illuminate\Http\Request))
#12 W:\domains\-graduate_work1\vendor\laravel\framework\src\Illuminate\Routing\Router.php(710): Illuminate\Pipeline\Pipeline->then(Object(Closure))
#13 W:\domains\-graduate_work1\vendor\laravel\framework\src\Illuminate\Routing\Router.php(675): Illuminate\Routing\Router->runRouteWithinStack(Object(Illuminate\Routing\Route), Object(Illuminate\Http\Request))
#14 W:\domains\-graduate_work1\vendor\laravel\framework\src\Illuminate\Routing\Router.php(635): Illuminate\Routing\Router->dispatchToRoute(Object(Illuminate\Http\Request))
#15 W:\domains\-graduate_work1\vendor\laravel\framework\src\Illuminate\Foundation\Http\Kernel.php(236): Illuminate\Routing\Router->dispatch(Object(Illuminate\Http\Request))
#16 [internal function]: Illuminate\Foundation\Http\Kernel->Illuminate\Foundation\Http\{closure}(Object(Illuminate\Http\Request))
#17 W:\domains\-graduate_work1\vendor\laravel\framework\src\Illuminate\Pipeline\Pipeline.php(139): call_user_func(Object(Closure), Object(Illuminate\Http\Request))
#18 W:\domains\-graduate_work1\vendor\laravel\framework\src\Illuminate\Foundation\Http\Middleware\VerifyCsrfToken.php(50): Illuminate\Pipeline\Pipeline->Illuminate\Pipeline\{closure}(Object(Illuminate\Http\Request))
#19 [internal function]: Illuminate\Foundation\Http\Middleware\VerifyCsrfToken->handle(Object(Illuminate\Http\Request), Object(Closure))
#20 W:\domains\-graduate_work1\vendor\laravel\framework\src\Illuminate\Pipeline\Pipeline.php(124): call_user_func_array(Array, Array)
#21 W:\domains\-graduate_work1\vendor\laravel\framework\src\Illuminate\View\Middleware\ShareErrorsFromSession.php(49): Illuminate\Pipeline\Pipeline->Illuminate\Pipeline\{closure}(Object(Illuminate\Http\Request))
#22 [internal function]: Illuminate\View\Middleware\ShareErrorsFromSession->handle(Object(Illuminate\Http\Request), Object(Closure))
#23 W:\domains\-graduate_work1\vendor\laravel\framework\src\Illuminate\Pipeline\Pipeline.php(124): call_user_func_array(Array, Array)
#24 W:\domains\-graduate_work1\vendor\laravel\framework\src\Illuminate\Session\Middleware\StartSession.php(62): Illuminate\Pipeline\Pipeline->Illuminate\Pipeline\{closure}(Object(Illuminate\Http\Request))
#25 [internal function]: Illuminate\Session\Middleware\StartSession->handle(Object(Illuminate\Http\Request), Object(Closure))
#26 W:\domains\-graduate_work1\vendor\laravel\framework\src\Illuminate\Pipeline\Pipeline.php(124): call_user_func_array(Array, Array)
#27 W:\domains\-graduate_work1\vendor\laravel\framework\src\Illuminate\Cookie\Middleware\AddQueuedCookiesToResponse.php(37): Illuminate\Pipeline\Pipeline->Illuminate\Pipeline\{closure}(Object(Illuminate\Http\Request))
#28 [internal function]: Illuminate\Cookie\Middleware\AddQueuedCookiesToResponse->handle(Object(Illuminate\Http\Request), Object(Closure))
#29 W:\domains\-graduate_work1\vendor\laravel\framework\src\Illuminate\Pipeline\Pipeline.php(124): call_user_func_array(Array, Array)
#30 W:\domains\-graduate_work1\vendor\laravel\framework\src\Illuminate\Cookie\Middleware\EncryptCookies.php(59): Illuminate\Pipeline\Pipeline->Illuminate\Pipeline\{closure}(Object(Illuminate\Http\Request))
#31 [internal function]: Illuminate\Cookie\Middleware\EncryptCookies->handle(Object(Illuminate\Http\Request), Object(Closure))
#32 W:\domains\-graduate_work1\vendor\laravel\framework\src\Illuminate\Pipeline\Pipeline.php(124): call_user_func_array(Array, Array)
#33 W:\domains\-graduate_work1\vendor\laravel\framework\src\Illuminate\Foundation\Http\Middleware\CheckForMaintenanceMode.php(44): Illuminate\Pipeline\Pipeline->Illuminate\Pipeline\{closure}(Object(Illuminate\Http\Request))
#34 [internal function]: Illuminate\Foundation\Http\Middleware\CheckForMaintenanceMode->handle(Object(Illuminate\Http\Request), Object(Closure))
#35 W:\domains\-graduate_work1\vendor\laravel\framework\src\Illuminate\Pipeline\Pipeline.php(124): call_user_func_array(Array, Array)
#36 [internal function]: Illuminate\Pipeline\Pipeline->Illuminate\Pipeline\{closure}(Object(Illuminate\Http\Request))
#37 W:\domains\-graduate_work1\vendor\laravel\framework\src\Illuminate\Pipeline\Pipeline.php(103): call_user_func(Object(Closure), Object(Illuminate\Http\Request))
#38 W:\domains\-graduate_work1\vendor\laravel\framework\src\Illuminate\Foundation\Http\Kernel.php(122): Illuminate\Pipeline\Pipeline->then(Object(Closure))
#39 W:\domains\-graduate_work1\vendor\laravel\framework\src\Illuminate\Foundation\Http\Kernel.php(87): Illuminate\Foundation\Http\Kernel->sendRequestThroughRouter(Object(Illuminate\Http\Request))
#40 W:\domains\-graduate_work1\public\index.php(54): Illuminate\Foundation\Http\Kernel->handle(Object(Illuminate\Http\Request))
#41 {main}  
[2017-02-27 18:16:28] local.ERROR: exception 'ReflectionException' with message 'Class App\Http\Controllers\FileController does not exist' in W:\domains\-graduate_work1\vendor\laravel\framework\src\Illuminate\Container\Container.php:741
Stack trace:
#0 W:\domains\-graduate_work1\vendor\laravel\framework\src\Illuminate\Container\Container.php(741): ReflectionClass->__construct('App\\Http\\Contro...')
#1 W:\domains\-graduate_work1\vendor\laravel\framework\src\Illuminate\Container\Container.php(631): Illuminate\Container\Container->build('App\\Http\\Contro...', Array)
#2 W:\domains\-graduate_work1\vendor\laravel\framework\src\Illuminate\Foundation\Application.php(674): Illuminate\Container\Container->make('App\\Http\\Contro...', Array)
#3 W:\domains\-graduate_work1\vendor\laravel\framework\src\Illuminate\Routing\ControllerDispatcher.php(85): Illuminate\Foundation\Application->make('App\\Http\\Contro...')
#4 W:\domains\-graduate_work1\vendor\laravel\framework\src\Illuminate\Routing\ControllerDispatcher.php(57): Illuminate\Routing\ControllerDispatcher->makeController('App\\Http\\Contro...')
#5 W:\domains\-graduate_work1\vendor\laravel\framework\src\Illuminate\Routing\Route.php(203): Illuminate\Routing\ControllerDispatcher->dispatch(Object(Illuminate\Routing\Route), Object(Illuminate\Http\Request), 'App\\Http\\Contro...', 'ReviewListFileT...')
#6 W:\domains\-graduate_work1\vendor\laravel\framework\src\Illuminate\Routing\Route.php(134): Illuminate\Routing\Route->runWithCustomDispatcher(Object(Illuminate\Http\Request))
#7 W:\domains\-graduate_work1\vendor\laravel\framework\src\Illuminate\Routing\Router.php(708): Illuminate\Routing\Route->run(Object(Illuminate\Http\Request))
#8 [internal function]: Illuminate\Routing\Router->Illuminate\Routing\{closure}(Object(Illuminate\Http\Request))
#9 W:\domains\-graduate_work1\vendor\laravel\framework\src\Illuminate\Pipeline\Pipeline.php(139): call_user_func(Object(Closure), Object(Illuminate\Http\Request))
#10 [internal function]: Illuminate\Pipeline\Pipeline->Illuminate\Pipeline\{closure}(Object(Illuminate\Http\Request))
#11 W:\domains\-graduate_work1\vendor\laravel\framework\src\Illuminate\Pipeline\Pipeline.php(103): call_user_func(Object(Closure), Object(Illuminate\Http\Request))
#12 W:\domains\-graduate_work1\vendor\laravel\framework\src\Illuminate\Routing\Router.php(710): Illuminate\Pipeline\Pipeline->then(Object(Closure))
#13 W:\domains\-graduate_work1\vendor\laravel\framework\src\Illuminate\Routing\Router.php(675): Illuminate\Routing\Router->runRouteWithinStack(Object(Illuminate\Routing\Route), Object(Illuminate\Http\Request))
#14 W:\domains\-graduate_work1\vendor\laravel\framework\src\Illuminate\Routing\Router.php(635): Illuminate\Routing\Router->dispatchToRoute(Object(Illuminate\Http\Request))
#15 W:\domains\-graduate_work1\vendor\laravel\framework\src\Illuminate\Foundation\Http\Kernel.php(236): Illuminate\Routing\Router->dispatch(Object(Illuminate\Http\Request))
#16 [internal function]: Illuminate\Foundation\Http\Kernel->Illuminate\Foundation\Http\{closure}(Object(Illuminate\Http\Request))
#17 W:\domains\-graduate_work1\vendor\laravel\framework\src\Illuminate\Pipeline\Pipeline.php(139): call_user_func(Object(Closure), Object(Illuminate\Http\Request))
#18 W:\domains\-graduate_work1\vendor\laravel\framework\src\Illuminate\Foundation\Http\Middleware\VerifyCsrfToken.php(50): Illuminate\Pipeline\Pipeline->Illuminate\Pipeline\{closure}(Object(Illuminate\Http\Request))
#19 [internal function]: Illuminate\Foundation\Http\Middleware\VerifyCsrfToken->handle(Object(Illuminate\Http\Request), Object(Closure))
#20 W:\domains\-graduate_work1\vendor\laravel\framework\src\Illuminate\Pipeline\Pipeline.php(124): call_user_func_array(Array, Array)
#21 W:\domains\-graduate_work1\vendor\laravel\framework\src\Illuminate\View\Middleware\ShareErrorsFromSession.php(49): Illuminate\Pipeline\Pipeline->Illuminate\Pipeline\{closure}(Object(Illuminate\Http\Request))
#22 [internal function]: Illuminate\View\Middleware\ShareErrorsFromSession->handle(Object(Illuminate\Http\Request), Object(Closure))
#23 W:\domains\-graduate_work1\vendor\laravel\framework\src\Illuminate\Pipeline\Pipeline.php(124): call_user_func_array(Array, Array)
#24 W:\domains\-graduate_work1\vendor\laravel\framework\src\Illuminate\Session\Middleware\StartSession.php(62): Illuminate\Pipeline\Pipeline->Illuminate\Pipeline\{closure}(Object(Illuminate\Http\Request))
#25 [internal function]: Illuminate\Session\Middleware\StartSession->handle(Object(Illuminate\Http\Request), Object(Closure))
#26 W:\domains\-graduate_work1\vendor\laravel\framework\src\Illuminate\Pipeline\Pipeline.php(124): call_user_func_array(Array, Array)
#27 W:\domains\-graduate_work1\vendor\laravel\framework\src\Illuminate\Cookie\Middleware\AddQueuedCookiesToResponse.php(37): Illuminate\Pipeline\Pipeline->Illuminate\Pipeline\{closure}(Object(Illuminate\Http\Request))
#28 [internal function]: Illuminate\Cookie\Middleware\AddQueuedCookiesToResponse->handle(Object(Illuminate\Http\Request), Object(Closure))
#29 W:\domains\-graduate_work1\vendor\laravel\framework\src\Illuminate\Pipeline\Pipeline.php(124): call_user_func_array(Array, Array)
#30 W:\domains\-graduate_work1\vendor\laravel\framework\src\Illuminate\Cookie\Middleware\EncryptCookies.php(59): Illuminate\Pipeline\Pipeline->Illuminate\Pipeline\{closure}(Object(Illuminate\Http\Request))
#31 [internal function]: Illuminate\Cookie\Middleware\EncryptCookies->handle(Object(Illuminate\Http\Request), Object(Closure))
#32 W:\domains\-graduate_work1\vendor\laravel\framework\src\Illuminate\Pipeline\Pipeline.php(124): call_user_func_array(Array, Array)
#33 W:\domains\-graduate_work1\vendor\laravel\framework\src\Illuminate\Foundation\Http\Middleware\CheckForMaintenanceMode.php(44): Illuminate\Pipeline\Pipeline->Illuminate\Pipeline\{closure}(Object(Illuminate\Http\Request))
#34 [internal function]: Illuminate\Foundation\Http\Middleware\CheckForMaintenanceMode->handle(Object(Illuminate\Http\Request), Object(Closure))
#35 W:\domains\-graduate_work1\vendor\laravel\framework\src\Illuminate\Pipeline\Pipeline.php(124): call_user_func_array(Array, Array)
#36 [internal function]: Illuminate\Pipeline\Pipeline->Illuminate\Pipeline\{closure}(Object(Illuminate\Http\Request))
#37 W:\domains\-graduate_work1\vendor\laravel\framework\src\Illuminate\Pipeline\Pipeline.php(103): call_user_func(Object(Closure), Object(Illuminate\Http\Request))
#38 W:\domains\-graduate_work1\vendor\laravel\framework\src\Illuminate\Foundation\Http\Kernel.php(122): Illuminate\Pipeline\Pipeline->then(Object(Closure))
#39 W:\domains\-graduate_work1\vendor\laravel\framework\src\Illuminate\Foundation\Http\Kernel.php(87): Illuminate\Foundation\Http\Kernel->sendRequestThroughRouter(Object(Illuminate\Http\Request))
#40 W:\domains\-graduate_work1\public\index.php(54): Illuminate\Foundation\Http\Kernel->handle(Object(Illuminate\Http\Request))
#41 {main}  
[2017-02-27 18:17:50] local.ERROR: exception 'ReflectionException' with message 'Class App\Http\Controllers\FileController does not exist' in W:\domains\-graduate_work1\vendor\laravel\framework\src\Illuminate\Container\Container.php:741
Stack trace:
#0 W:\domains\-graduate_work1\vendor\laravel\framework\src\Illuminate\Container\Container.php(741): ReflectionClass->__construct('App\\Http\\Contro...')
#1 W:\domains\-graduate_work1\vendor\laravel\framework\src\Illuminate\Container\Container.php(631): Illuminate\Container\Container->build('App\\Http\\Contro...', Array)
#2 W:\domains\-graduate_work1\vendor\laravel\framework\src\Illuminate\Foundation\Application.php(674): Illuminate\Container\Container->make('App\\Http\\Contro...', Array)
#3 W:\domains\-graduate_work1\vendor\laravel\framework\src\Illuminate\Routing\ControllerDispatcher.php(85): Illuminate\Foundation\Application->make('App\\Http\\Contro...')
#4 W:\domains\-graduate_work1\vendor\laravel\framework\src\Illuminate\Routing\ControllerDispatcher.php(57): Illuminate\Routing\ControllerDispatcher->makeController('App\\Http\\Contro...')
#5 W:\domains\-graduate_work1\vendor\laravel\framework\src\Illuminate\Routing\Route.php(203): Illuminate\Routing\ControllerDispatcher->dispatch(Object(Illuminate\Routing\Route), Object(Illuminate\Http\Request), 'App\\Http\\Contro...', 'ReviewListFileT...')
#6 W:\domains\-graduate_work1\vendor\laravel\framework\src\Illuminate\Routing\Route.php(134): Illuminate\Routing\Route->runWithCustomDispatcher(Object(Illuminate\Http\Request))
#7 W:\domains\-graduate_work1\vendor\laravel\framework\src\Illuminate\Routing\Router.php(708): Illuminate\Routing\Route->run(Object(Illuminate\Http\Request))
#8 [internal function]: Illuminate\Routing\Router->Illuminate\Routing\{closure}(Object(Illuminate\Http\Request))
#9 W:\domains\-graduate_work1\vendor\laravel\framework\src\Illuminate\Pipeline\Pipeline.php(139): call_user_func(Object(Closure), Object(Illuminate\Http\Request))
#10 [internal function]: Illuminate\Pipeline\Pipeline->Illuminate\Pipeline\{closure}(Object(Illuminate\Http\Request))
#11 W:\domains\-graduate_work1\vendor\laravel\framework\src\Illuminate\Pipeline\Pipeline.php(103): call_user_func(Object(Closure), Object(Illuminate\Http\Request))
#12 W:\domains\-graduate_work1\vendor\laravel\framework\src\Illuminate\Routing\Router.php(710): Illuminate\Pipeline\Pipeline->then(Object(Closure))
#13 W:\domains\-graduate_work1\vendor\laravel\framework\src\Illuminate\Routing\Router.php(675): Illuminate\Routing\Router->runRouteWithinStack(Object(Illuminate\Routing\Route), Object(Illuminate\Http\Request))
#14 W:\domains\-graduate_work1\vendor\laravel\framework\src\Illuminate\Routing\Router.php(635): Illuminate\Routing\Router->dispatchToRoute(Object(Illuminate\Http\Request))
#15 W:\domains\-graduate_work1\vendor\laravel\framework\src\Illuminate\Foundation\Http\Kernel.php(236): Illuminate\Routing\Router->dispatch(Object(Illuminate\Http\Request))
#16 [internal function]: Illuminate\Foundation\Http\Kernel->Illuminate\Foundation\Http\{closure}(Object(Illuminate\Http\Request))
#17 W:\domains\-graduate_work1\vendor\laravel\framework\src\Illuminate\Pipeline\Pipeline.php(139): call_user_func(Object(Closure), Object(Illuminate\Http\Request))
#18 W:\domains\-graduate_work1\vendor\laravel\framework\src\Illuminate\Foundation\Http\Middleware\VerifyCsrfToken.php(50): Illuminate\Pipeline\Pipeline->Illuminate\Pipeline\{closure}(Object(Illuminate\Http\Request))
#19 [internal function]: Illuminate\Foundation\Http\Middleware\VerifyCsrfToken->handle(Object(Illuminate\Http\Request), Object(Closure))
#20 W:\domains\-graduate_work1\vendor\laravel\framework\src\Illuminate\Pipeline\Pipeline.php(124): call_user_func_array(Array, Array)
#21 W:\domains\-graduate_work1\vendor\laravel\framework\src\Illuminate\View\Middleware\ShareErrorsFromSession.php(49): Illuminate\Pipeline\Pipeline->Illuminate\Pipeline\{closure}(Object(Illuminate\Http\Request))
#22 [internal function]: Illuminate\View\Middleware\ShareErrorsFromSession->handle(Object(Illuminate\Http\Request), Object(Closure))
#23 W:\domains\-graduate_work1\vendor\laravel\framework\src\Illuminate\Pipeline\Pipeline.php(124): call_user_func_array(Array, Array)
#24 W:\domains\-graduate_work1\vendor\laravel\framework\src\Illuminate\Session\Middleware\StartSession.php(62): Illuminate\Pipeline\Pipeline->Illuminate\Pipeline\{closure}(Object(Illuminate\Http\Request))
#25 [internal function]: Illuminate\Session\Middleware\StartSession->handle(Object(Illuminate\Http\Request), Object(Closure))
#26 W:\domains\-graduate_work1\vendor\laravel\framework\src\Illuminate\Pipeline\Pipeline.php(124): call_user_func_array(Array, Array)
#27 W:\domains\-graduate_work1\vendor\laravel\framework\src\Illuminate\Cookie\Middleware\AddQueuedCookiesToResponse.php(37): Illuminate\Pipeline\Pipeline->Illuminate\Pipeline\{closure}(Object(Illuminate\Http\Request))
#28 [internal function]: Illuminate\Cookie\Middleware\AddQueuedCookiesToResponse->handle(Object(Illuminate\Http\Request), Object(Closure))
#29 W:\domains\-graduate_work1\vendor\laravel\framework\src\Illuminate\Pipeline\Pipeline.php(124): call_user_func_array(Array, Array)
#30 W:\domains\-graduate_work1\vendor\laravel\framework\src\Illuminate\Cookie\Middleware\EncryptCookies.php(59): Illuminate\Pipeline\Pipeline->Illuminate\Pipeline\{closure}(Object(Illuminate\Http\Request))
#31 [internal function]: Illuminate\Cookie\Middleware\EncryptCookies->handle(Object(Illuminate\Http\Request), Object(Closure))
#32 W:\domains\-graduate_work1\vendor\laravel\framework\src\Illuminate\Pipeline\Pipeline.php(124): call_user_func_array(Array, Array)
#33 W:\domains\-graduate_work1\vendor\laravel\framework\src\Illuminate\Foundation\Http\Middleware\CheckForMaintenanceMode.php(44): Illuminate\Pipeline\Pipeline->Illuminate\Pipeline\{closure}(Object(Illuminate\Http\Request))
#34 [internal function]: Illuminate\Foundation\Http\Middleware\CheckForMaintenanceMode->handle(Object(Illuminate\Http\Request), Object(Closure))
#35 W:\domains\-graduate_work1\vendor\laravel\framework\src\Illuminate\Pipeline\Pipeline.php(124): call_user_func_array(Array, Array)
#36 [internal function]: Illuminate\Pipeline\Pipeline->Illuminate\Pipeline\{closure}(Object(Illuminate\Http\Request))
#37 W:\domains\-graduate_work1\vendor\laravel\framework\src\Illuminate\Pipeline\Pipeline.php(103): call_user_func(Object(Closure), Object(Illuminate\Http\Request))
#38 W:\domains\-graduate_work1\vendor\laravel\framework\src\Illuminate\Foundation\Http\Kernel.php(122): Illuminate\Pipeline\Pipeline->then(Object(Closure))
#39 W:\domains\-graduate_work1\vendor\laravel\framework\src\Illuminate\Foundation\Http\Kernel.php(87): Illuminate\Foundation\Http\Kernel->sendRequestThroughRouter(Object(Illuminate\Http\Request))
#40 W:\domains\-graduate_work1\public\index.php(54): Illuminate\Foundation\Http\Kernel->handle(Object(Illuminate\Http\Request))
#41 {main}  
[2017-02-27 18:18:08] local.ERROR: exception 'ReflectionException' with message 'Class App\Http\Controllers\FileController does not exist' in W:\domains\-graduate_work1\vendor\laravel\framework\src\Illuminate\Container\Container.php:741
Stack trace:
#0 W:\domains\-graduate_work1\vendor\laravel\framework\src\Illuminate\Container\Container.php(741): ReflectionClass->__construct('App\\Http\\Contro...')
#1 W:\domains\-graduate_work1\vendor\laravel\framework\src\Illuminate\Container\Container.php(631): Illuminate\Container\Container->build('App\\Http\\Contro...', Array)
#2 W:\domains\-graduate_work1\vendor\laravel\framework\src\Illuminate\Foundation\Application.php(674): Illuminate\Container\Container->make('App\\Http\\Contro...', Array)
#3 W:\domains\-graduate_work1\vendor\laravel\framework\src\Illuminate\Routing\ControllerDispatcher.php(85): Illuminate\Foundation\Application->make('App\\Http\\Contro...')
#4 W:\domains\-graduate_work1\vendor\laravel\framework\src\Illuminate\Routing\ControllerDispatcher.php(57): Illuminate\Routing\ControllerDispatcher->makeController('App\\Http\\Contro...')
#5 W:\domains\-graduate_work1\vendor\laravel\framework\src\Illuminate\Routing\Route.php(203): Illuminate\Routing\ControllerDispatcher->dispatch(Object(Illuminate\Routing\Route), Object(Illuminate\Http\Request), 'App\\Http\\Contro...', 'ReviewListFileT...')
#6 W:\domains\-graduate_work1\vendor\laravel\framework\src\Illuminate\Routing\Route.php(134): Illuminate\Routing\Route->runWithCustomDispatcher(Object(Illuminate\Http\Request))
#7 W:\domains\-graduate_work1\vendor\laravel\framework\src\Illuminate\Routing\Router.php(708): Illuminate\Routing\Route->run(Object(Illuminate\Http\Request))
#8 [internal function]: Illuminate\Routing\Router->Illuminate\Routing\{closure}(Object(Illuminate\Http\Request))
#9 W:\domains\-graduate_work1\vendor\laravel\framework\src\Illuminate\Pipeline\Pipeline.php(139): call_user_func(Object(Closure), Object(Illuminate\Http\Request))
#10 [internal function]: Illuminate\Pipeline\Pipeline->Illuminate\Pipeline\{closure}(Object(Illuminate\Http\Request))
#11 W:\domains\-graduate_work1\vendor\laravel\framework\src\Illuminate\Pipeline\Pipeline.php(103): call_user_func(Object(Closure), Object(Illuminate\Http\Request))
#12 W:\domains\-graduate_work1\vendor\laravel\framework\src\Illuminate\Routing\Router.php(710): Illuminate\Pipeline\Pipeline->then(Object(Closure))
#13 W:\domains\-graduate_work1\vendor\laravel\framework\src\Illuminate\Routing\Router.php(675): Illuminate\Routing\Router->runRouteWithinStack(Object(Illuminate\Routing\Route), Object(Illuminate\Http\Request))
#14 W:\domains\-graduate_work1\vendor\laravel\framework\src\Illuminate\Routing\Router.php(635): Illuminate\Routing\Router->dispatchToRoute(Object(Illuminate\Http\Request))
#15 W:\domains\-graduate_work1\vendor\laravel\framework\src\Illuminate\Foundation\Http\Kernel.php(236): Illuminate\Routing\Router->dispatch(Object(Illuminate\Http\Request))
#16 [internal function]: Illuminate\Foundation\Http\Kernel->Illuminate\Foundation\Http\{closure}(Object(Illuminate\Http\Request))
#17 W:\domains\-graduate_work1\vendor\laravel\framework\src\Illuminate\Pipeline\Pipeline.php(139): call_user_func(Object(Closure), Object(Illuminate\Http\Request))
#18 W:\domains\-graduate_work1\vendor\laravel\framework\src\Illuminate\Foundation\Http\Middleware\VerifyCsrfToken.php(50): Illuminate\Pipeline\Pipeline->Illuminate\Pipeline\{closure}(Object(Illuminate\Http\Request))
#19 [internal function]: Illuminate\Foundation\Http\Middleware\VerifyCsrfToken->handle(Object(Illuminate\Http\Request), Object(Closure))
#20 W:\domains\-graduate_work1\vendor\laravel\framework\src\Illuminate\Pipeline\Pipeline.php(124): call_user_func_array(Array, Array)
#21 W:\domains\-graduate_work1\vendor\laravel\framework\src\Illuminate\View\Middleware\ShareErrorsFromSession.php(49): Illuminate\Pipeline\Pipeline->Illuminate\Pipeline\{closure}(Object(Illuminate\Http\Request))
#22 [internal function]: Illuminate\View\Middleware\ShareErrorsFromSession->handle(Object(Illuminate\Http\Request), Object(Closure))
#23 W:\domains\-graduate_work1\vendor\laravel\framework\src\Illuminate\Pipeline\Pipeline.php(124): call_user_func_array(Array, Array)
#24 W:\domains\-graduate_work1\vendor\laravel\framework\src\Illuminate\Session\Middleware\StartSession.php(62): Illuminate\Pipeline\Pipeline->Illuminate\Pipeline\{closure}(Object(Illuminate\Http\Request))
#25 [internal function]: Illuminate\Session\Middleware\StartSession->handle(Object(Illuminate\Http\Request), Object(Closure))
#26 W:\domains\-graduate_work1\vendor\laravel\framework\src\Illuminate\Pipeline\Pipeline.php(124): call_user_func_array(Array, Array)
#27 W:\domains\-graduate_work1\vendor\laravel\framework\src\Illuminate\Cookie\Middleware\AddQueuedCookiesToResponse.php(37): Illuminate\Pipeline\Pipeline->Illuminate\Pipeline\{closure}(Object(Illuminate\Http\Request))
#28 [internal function]: Illuminate\Cookie\Middleware\AddQueuedCookiesToResponse->handle(Object(Illuminate\Http\Request), Object(Closure))
#29 W:\domains\-graduate_work1\vendor\laravel\framework\src\Illuminate\Pipeline\Pipeline.php(124): call_user_func_array(Array, Array)
#30 W:\domains\-graduate_work1\vendor\laravel\framework\src\Illuminate\Cookie\Middleware\EncryptCookies.php(59): Illuminate\Pipeline\Pipeline->Illuminate\Pipeline\{closure}(Object(Illuminate\Http\Request))
#31 [internal function]: Illuminate\Cookie\Middleware\EncryptCookies->handle(Object(Illuminate\Http\Request), Object(Closure))
#32 W:\domains\-graduate_work1\vendor\laravel\framework\src\Illuminate\Pipeline\Pipeline.php(124): call_user_func_array(Array, Array)
#33 W:\domains\-graduate_work1\vendor\laravel\framework\src\Illuminate\Foundation\Http\Middleware\CheckForMaintenanceMode.php(44): Illuminate\Pipeline\Pipeline->Illuminate\Pipeline\{closure}(Object(Illuminate\Http\Request))
#34 [internal function]: Illuminate\Foundation\Http\Middleware\CheckForMaintenanceMode->handle(Object(Illuminate\Http\Request), Object(Closure))
#35 W:\domains\-graduate_work1\vendor\laravel\framework\src\Illuminate\Pipeline\Pipeline.php(124): call_user_func_array(Array, Array)
#36 [internal function]: Illuminate\Pipeline\Pipeline->Illuminate\Pipeline\{closure}(Object(Illuminate\Http\Request))
#37 W:\domains\-graduate_work1\vendor\laravel\framework\src\Illuminate\Pipeline\Pipeline.php(103): call_user_func(Object(Closure), Object(Illuminate\Http\Request))
#38 W:\domains\-graduate_work1\vendor\laravel\framework\src\Illuminate\Foundation\Http\Kernel.php(122): Illuminate\Pipeline\Pipeline->then(Object(Closure))
#39 W:\domains\-graduate_work1\vendor\laravel\framework\src\Illuminate\Foundation\Http\Kernel.php(87): Illuminate\Foundation\Http\Kernel->sendRequestThroughRouter(Object(Illuminate\Http\Request))
#40 W:\domains\-graduate_work1\public\index.php(54): Illuminate\Foundation\Http\Kernel->handle(Object(Illuminate\Http\Request))
#41 {main}  
[2017-02-27 21:28:13] local.ERROR: exception 'RuntimeException' with message 'No supported encrypter found. The cipher and / or key length are invalid.' in W:\domains\-graduate_work1\vendor\laravel\framework\src\Illuminate\Encryption\EncryptionServiceProvider.php:29
Stack trace:
#0 W:\domains\-graduate_work1\vendor\laravel\framework\src\Illuminate\Container\Container.php(738): Illuminate\Encryption\EncryptionServiceProvider->Illuminate\Encryption\{closure}(Object(Illuminate\Foundation\Application), Array)
#1 W:\domains\-graduate_work1\vendor\laravel\framework\src\Illuminate\Container\Container.php(631): Illuminate\Container\Container->build(Object(Closure), Array)
#2 W:\domains\-graduate_work1\vendor\laravel\framework\src\Illuminate\Foundation\Application.php(674): Illuminate\Container\Container->make('encrypter', Array)
#3 W:\domains\-graduate_work1\vendor\laravel\framework\src\Illuminate\Container\Container.php(842): Illuminate\Foundation\Application->make('Illuminate\\Cont...')
#4 W:\domains\-graduate_work1\vendor\laravel\framework\src\Illuminate\Container\Container.php(805): Illuminate\Container\Container->resolveClass(Object(ReflectionParameter))
#5 W:\domains\-graduate_work1\vendor\laravel\framework\src\Illuminate\Container\Container.php(776): Illuminate\Container\Container->getDependencies(Array, Array)
#6 W:\domains\-graduate_work1\vendor\laravel\framework\src\Illuminate\Container\Container.php(631): Illuminate\Container\Container->build('App\\Http\\Middle...', Array)
#7 W:\domains\-graduate_work1\vendor\laravel\framework\src\Illuminate\Foundation\Application.php(674): Illuminate\Container\Container->make('App\\Http\\Middle...', Array)
#8 W:\domains\-graduate_work1\vendor\laravel\framework\src\Illuminate\Pipeline\Pipeline.php(123): Illuminate\Foundation\Application->make('App\\Http\\Middle...')
#9 W:\domains\-graduate_work1\vendor\laravel\framework\src\Illuminate\Foundation\Http\Middleware\CheckForMaintenanceMode.php(44): Illuminate\Pipeline\Pipeline->Illuminate\Pipeline\{closure}(Object(Illuminate\Http\Request))
#10 [internal function]: Illuminate\Foundation\Http\Middleware\CheckForMaintenanceMode->handle(Object(Illuminate\Http\Request), Object(Closure))
#11 W:\domains\-graduate_work1\vendor\laravel\framework\src\Illuminate\Pipeline\Pipeline.php(124): call_user_func_array(Array, Array)
#12 [internal function]: Illuminate\Pipeline\Pipeline->Illuminate\Pipeline\{closure}(Object(Illuminate\Http\Request))
#13 W:\domains\-graduate_work1\vendor\laravel\framework\src\Illuminate\Pipeline\Pipeline.php(103): call_user_func(Object(Closure), Object(Illuminate\Http\Request))
#14 W:\domains\-graduate_work1\vendor\laravel\framework\src\Illuminate\Foundation\Http\Kernel.php(122): Illuminate\Pipeline\Pipeline->then(Object(Closure))
#15 W:\domains\-graduate_work1\vendor\laravel\framework\src\Illuminate\Foundation\Http\Kernel.php(87): Illuminate\Foundation\Http\Kernel->sendRequestThroughRouter(Object(Illuminate\Http\Request))
#16 W:\domains\-graduate_work1\public\index.php(54): Illuminate\Foundation\Http\Kernel->handle(Object(Illuminate\Http\Request))
#17 {main}  
[2017-02-27 21:28:13] local.ERROR: exception 'RuntimeException' with message 'No supported encrypter found. The cipher and / or key length are invalid.' in W:\domains\-graduate_work1\vendor\laravel\framework\src\Illuminate\Encryption\EncryptionServiceProvider.php:29
Stack trace:
#0 W:\domains\-graduate_work1\vendor\laravel\framework\src\Illuminate\Container\Container.php(738): Illuminate\Encryption\EncryptionServiceProvider->Illuminate\Encryption\{closure}(Object(Illuminate\Foundation\Application), Array)
#1 W:\domains\-graduate_work1\vendor\laravel\framework\src\Illuminate\Container\Container.php(631): Illuminate\Container\Container->build(Object(Closure), Array)
#2 W:\domains\-graduate_work1\vendor\laravel\framework\src\Illuminate\Foundation\Application.php(674): Illuminate\Container\Container->make('encrypter', Array)
#3 W:\domains\-graduate_work1\vendor\laravel\framework\src\Illuminate\Container\Container.php(842): Illuminate\Foundation\Application->make('Illuminate\\Cont...')
#4 W:\domains\-graduate_work1\vendor\laravel\framework\src\Illuminate\Container\Container.php(805): Illuminate\Container\Container->resolveClass(Object(ReflectionParameter))
#5 W:\domains\-graduate_work1\vendor\laravel\framework\src\Illuminate\Container\Container.php(776): Illuminate\Container\Container->getDependencies(Array, Array)
#6 W:\domains\-graduate_work1\vendor\laravel\framework\src\Illuminate\Container\Container.php(631): Illuminate\Container\Container->build('App\\Http\\Middle...', Array)
#7 W:\domains\-graduate_work1\vendor\laravel\framework\src\Illuminate\Foundation\Application.php(674): Illuminate\Container\Container->make('App\\Http\\Middle...', Array)
#8 W:\domains\-graduate_work1\vendor\laravel\framework\src\Illuminate\Foundation\Http\Kernel.php(142): Illuminate\Foundation\Application->make('App\\Http\\Middle...')
#9 W:\domains\-graduate_work1\public\index.php(58): Illuminate\Foundation\Http\Kernel->terminate(Object(Illuminate\Http\Request), Object(Illuminate\Http\Response))
#10 {main}  
[2017-03-01 18:48:08] local.ERROR: exception 'RuntimeException' with message 'No supported encrypter found. The cipher and / or key length are invalid.' in W:\domains\-graduate_work1\vendor\laravel\framework\src\Illuminate\Encryption\EncryptionServiceProvider.php:29
Stack trace:
#0 W:\domains\-graduate_work1\vendor\laravel\framework\src\Illuminate\Container\Container.php(738): Illuminate\Encryption\EncryptionServiceProvider->Illuminate\Encryption\{closure}(Object(Illuminate\Foundation\Application), Array)
#1 W:\domains\-graduate_work1\vendor\laravel\framework\src\Illuminate\Container\Container.php(631): Illuminate\Container\Container->build(Object(Closure), Array)
#2 W:\domains\-graduate_work1\vendor\laravel\framework\src\Illuminate\Foundation\Application.php(674): Illuminate\Container\Container->make('encrypter', Array)
#3 W:\domains\-graduate_work1\vendor\laravel\framework\src\Illuminate\Container\Container.php(842): Illuminate\Foundation\Application->make('Illuminate\\Cont...')
#4 W:\domains\-graduate_work1\vendor\laravel\framework\src\Illuminate\Container\Container.php(805): Illuminate\Container\Container->resolveClass(Object(ReflectionParameter))
#5 W:\domains\-graduate_work1\vendor\laravel\framework\src\Illuminate\Container\Container.php(776): Illuminate\Container\Container->getDependencies(Array, Array)
#6 W:\domains\-graduate_work1\vendor\laravel\framework\src\Illuminate\Container\Container.php(631): Illuminate\Container\Container->build('App\\Http\\Middle...', Array)
#7 W:\domains\-graduate_work1\vendor\laravel\framework\src\Illuminate\Foundation\Application.php(674): Illuminate\Container\Container->make('App\\Http\\Middle...', Array)
#8 W:\domains\-graduate_work1\vendor\laravel\framework\src\Illuminate\Pipeline\Pipeline.php(123): Illuminate\Foundation\Application->make('App\\Http\\Middle...')
#9 W:\domains\-graduate_work1\vendor\laravel\framework\src\Illuminate\Foundation\Http\Middleware\CheckForMaintenanceMode.php(44): Illuminate\Pipeline\Pipeline->Illuminate\Pipeline\{closure}(Object(Illuminate\Http\Request))
#10 [internal function]: Illuminate\Foundation\Http\Middleware\CheckForMaintenanceMode->handle(Object(Illuminate\Http\Request), Object(Closure))
#11 W:\domains\-graduate_work1\vendor\laravel\framework\src\Illuminate\Pipeline\Pipeline.php(124): call_user_func_array(Array, Array)
#12 [internal function]: Illuminate\Pipeline\Pipeline->Illuminate\Pipeline\{closure}(Object(Illuminate\Http\Request))
#13 W:\domains\-graduate_work1\vendor\laravel\framework\src\Illuminate\Pipeline\Pipeline.php(103): call_user_func(Object(Closure), Object(Illuminate\Http\Request))
#14 W:\domains\-graduate_work1\vendor\laravel\framework\src\Illuminate\Foundation\Http\Kernel.php(122): Illuminate\Pipeline\Pipeline->then(Object(Closure))
#15 W:\domains\-graduate_work1\vendor\laravel\framework\src\Illuminate\Foundation\Http\Kernel.php(87): Illuminate\Foundation\Http\Kernel->sendRequestThroughRouter(Object(Illuminate\Http\Request))
#16 W:\domains\-graduate_work1\public\index.php(54): Illuminate\Foundation\Http\Kernel->handle(Object(Illuminate\Http\Request))
#17 {main}  
[2017-03-01 18:48:08] local.ERROR: exception 'RuntimeException' with message 'No supported encrypter found. The cipher and / or key length are invalid.' in W:\domains\-graduate_work1\vendor\laravel\framework\src\Illuminate\Encryption\EncryptionServiceProvider.php:29
Stack trace:
#0 W:\domains\-graduate_work1\vendor\laravel\framework\src\Illuminate\Container\Container.php(738): Illuminate\Encryption\EncryptionServiceProvider->Illuminate\Encryption\{closure}(Object(Illuminate\Foundation\Application), Array)
#1 W:\domains\-graduate_work1\vendor\laravel\framework\src\Illuminate\Container\Container.php(631): Illuminate\Container\Container->build(Object(Closure), Array)
#2 W:\domains\-graduate_work1\vendor\laravel\framework\src\Illuminate\Foundation\Application.php(674): Illuminate\Container\Container->make('encrypter', Array)
#3 W:\domains\-graduate_work1\vendor\laravel\framework\src\Illuminate\Container\Container.php(842): Illuminate\Foundation\Application->make('Illuminate\\Cont...')
#4 W:\domains\-graduate_work1\vendor\laravel\framework\src\Illuminate\Container\Container.php(805): Illuminate\Container\Container->resolveClass(Object(ReflectionParameter))
#5 W:\domains\-graduate_work1\vendor\laravel\framework\src\Illuminate\Container\Container.php(776): Illuminate\Container\Container->getDependencies(Array, Array)
#6 W:\domains\-graduate_work1\vendor\laravel\framework\src\Illuminate\Container\Container.php(631): Illuminate\Container\Container->build('App\\Http\\Middle...', Array)
#7 W:\domains\-graduate_work1\vendor\laravel\framework\src\Illuminate\Foundation\Application.php(674): Illuminate\Container\Container->make('App\\Http\\Middle...', Array)
#8 W:\domains\-graduate_work1\vendor\laravel\framework\src\Illuminate\Foundation\Http\Kernel.php(142): Illuminate\Foundation\Application->make('App\\Http\\Middle...')
#9 W:\domains\-graduate_work1\public\index.php(58): Illuminate\Foundation\Http\Kernel->terminate(Object(Illuminate\Http\Request), Object(Illuminate\Http\Response))
#10 {main}  
[2017-03-02 19:37:00] local.ERROR: exception 'RuntimeException' with message 'No supported encrypter found. The cipher and / or key length are invalid.' in W:\domains\-graduate_work1\vendor\laravel\framework\src\Illuminate\Encryption\EncryptionServiceProvider.php:29
Stack trace:
#0 W:\domains\-graduate_work1\vendor\laravel\framework\src\Illuminate\Container\Container.php(738): Illuminate\Encryption\EncryptionServiceProvider->Illuminate\Encryption\{closure}(Object(Illuminate\Foundation\Application), Array)
#1 W:\domains\-graduate_work1\vendor\laravel\framework\src\Illuminate\Container\Container.php(631): Illuminate\Container\Container->build(Object(Closure), Array)
#2 W:\domains\-graduate_work1\vendor\laravel\framework\src\Illuminate\Foundation\Application.php(674): Illuminate\Container\Container->make('encrypter', Array)
#3 W:\domains\-graduate_work1\vendor\laravel\framework\src\Illuminate\Container\Container.php(842): Illuminate\Foundation\Application->make('Illuminate\\Cont...')
#4 W:\domains\-graduate_work1\vendor\laravel\framework\src\Illuminate\Container\Container.php(805): Illuminate\Container\Container->resolveClass(Object(ReflectionParameter))
#5 W:\domains\-graduate_work1\vendor\laravel\framework\src\Illuminate\Container\Container.php(776): Illuminate\Container\Container->getDependencies(Array, Array)
#6 W:\domains\-graduate_work1\vendor\laravel\framework\src\Illuminate\Container\Container.php(631): Illuminate\Container\Container->build('App\\Http\\Middle...', Array)
#7 W:\domains\-graduate_work1\vendor\laravel\framework\src\Illuminate\Foundation\Application.php(674): Illuminate\Container\Container->make('App\\Http\\Middle...', Array)
#8 W:\domains\-graduate_work1\vendor\laravel\framework\src\Illuminate\Pipeline\Pipeline.php(123): Illuminate\Foundation\Application->make('App\\Http\\Middle...')
#9 W:\domains\-graduate_work1\vendor\laravel\framework\src\Illuminate\Foundation\Http\Middleware\CheckForMaintenanceMode.php(44): Illuminate\Pipeline\Pipeline->Illuminate\Pipeline\{closure}(Object(Illuminate\Http\Request))
#10 [internal function]: Illuminate\Foundation\Http\Middleware\CheckForMaintenanceMode->handle(Object(Illuminate\Http\Request), Object(Closure))
#11 W:\domains\-graduate_work1\vendor\laravel\framework\src\Illuminate\Pipeline\Pipeline.php(124): call_user_func_array(Array, Array)
#12 [internal function]: Illuminate\Pipeline\Pipeline->Illuminate\Pipeline\{closure}(Object(Illuminate\Http\Request))
#13 W:\domains\-graduate_work1\vendor\laravel\framework\src\Illuminate\Pipeline\Pipeline.php(103): call_user_func(Object(Closure), Object(Illuminate\Http\Request))
#14 W:\domains\-graduate_work1\vendor\laravel\framework\src\Illuminate\Foundation\Http\Kernel.php(122): Illuminate\Pipeline\Pipeline->then(Object(Closure))
#15 W:\domains\-graduate_work1\vendor\laravel\framework\src\Illuminate\Foundation\Http\Kernel.php(87): Illuminate\Foundation\Http\Kernel->sendRequestThroughRouter(Object(Illuminate\Http\Request))
#16 W:\domains\-graduate_work1\public\index.php(54): Illuminate\Foundation\Http\Kernel->handle(Object(Illuminate\Http\Request))
#17 {main}  
[2017-03-02 19:37:00] local.ERROR: exception 'RuntimeException' with message 'No supported encrypter found. The cipher and / or key length are invalid.' in W:\domains\-graduate_work1\vendor\laravel\framework\src\Illuminate\Encryption\EncryptionServiceProvider.php:29
Stack trace:
#0 W:\domains\-graduate_work1\vendor\laravel\framework\src\Illuminate\Container\Container.php(738): Illuminate\Encryption\EncryptionServiceProvider->Illuminate\Encryption\{closure}(Object(Illuminate\Foundation\Application), Array)
#1 W:\domains\-graduate_work1\vendor\laravel\framework\src\Illuminate\Container\Container.php(631): Illuminate\Container\Container->build(Object(Closure), Array)
#2 W:\domains\-graduate_work1\vendor\laravel\framework\src\Illuminate\Foundation\Application.php(674): Illuminate\Container\Container->make('encrypter', Array)
#3 W:\domains\-graduate_work1\vendor\laravel\framework\src\Illuminate\Container\Container.php(842): Illuminate\Foundation\Application->make('Illuminate\\Cont...')
#4 W:\domains\-graduate_work1\vendor\laravel\framework\src\Illuminate\Container\Container.php(805): Illuminate\Container\Container->resolveClass(Object(ReflectionParameter))
#5 W:\domains\-graduate_work1\vendor\laravel\framework\src\Illuminate\Container\Container.php(776): Illuminate\Container\Container->getDependencies(Array, Array)
#6 W:\domains\-graduate_work1\vendor\laravel\framework\src\Illuminate\Container\Container.php(631): Illuminate\Container\Container->build('App\\Http\\Middle...', Array)
#7 W:\domains\-graduate_work1\vendor\laravel\framework\src\Illuminate\Foundation\Application.php(674): Illuminate\Container\Container->make('App\\Http\\Middle...', Array)
#8 W:\domains\-graduate_work1\vendor\laravel\framework\src\Illuminate\Foundation\Http\Kernel.php(142): Illuminate\Foundation\Application->make('App\\Http\\Middle...')
#9 W:\domains\-graduate_work1\public\index.php(58): Illuminate\Foundation\Http\Kernel->terminate(Object(Illuminate\Http\Request), Object(Illuminate\Http\Response))
#10 {main}  
[2017-03-02 19:38:31] local.ERROR: exception 'RuntimeException' with message 'No supported encrypter found. The cipher and / or key length are invalid.' in W:\domains\-graduate_work1\vendor\laravel\framework\src\Illuminate\Encryption\EncryptionServiceProvider.php:29
Stack trace:
#0 W:\domains\-graduate_work1\vendor\laravel\framework\src\Illuminate\Container\Container.php(738): Illuminate\Encryption\EncryptionServiceProvider->Illuminate\Encryption\{closure}(Object(Illuminate\Foundation\Application), Array)
#1 W:\domains\-graduate_work1\vendor\laravel\framework\src\Illuminate\Container\Container.php(631): Illuminate\Container\Container->build(Object(Closure), Array)
#2 W:\domains\-graduate_work1\vendor\laravel\framework\src\Illuminate\Foundation\Application.php(674): Illuminate\Container\Container->make('encrypter', Array)
#3 W:\domains\-graduate_work1\vendor\laravel\framework\src\Illuminate\Container\Container.php(842): Illuminate\Foundation\Application->make('Illuminate\\Cont...')
#4 W:\domains\-graduate_work1\vendor\laravel\framework\src\Illuminate\Container\Container.php(805): Illuminate\Container\Container->resolveClass(Object(ReflectionParameter))
#5 W:\domains\-graduate_work1\vendor\laravel\framework\src\Illuminate\Container\Container.php(776): Illuminate\Container\Container->getDependencies(Array, Array)
#6 W:\domains\-graduate_work1\vendor\laravel\framework\src\Illuminate\Container\Container.php(631): Illuminate\Container\Container->build('App\\Http\\Middle...', Array)
#7 W:\domains\-graduate_work1\vendor\laravel\framework\src\Illuminate\Foundation\Application.php(674): Illuminate\Container\Container->make('App\\Http\\Middle...', Array)
#8 W:\domains\-graduate_work1\vendor\laravel\framework\src\Illuminate\Pipeline\Pipeline.php(123): Illuminate\Foundation\Application->make('App\\Http\\Middle...')
#9 W:\domains\-graduate_work1\vendor\laravel\framework\src\Illuminate\Foundation\Http\Middleware\CheckForMaintenanceMode.php(44): Illuminate\Pipeline\Pipeline->Illuminate\Pipeline\{closure}(Object(Illuminate\Http\Request))
#10 [internal function]: Illuminate\Foundation\Http\Middleware\CheckForMaintenanceMode->handle(Object(Illuminate\Http\Request), Object(Closure))
#11 W:\domains\-graduate_work1\vendor\laravel\framework\src\Illuminate\Pipeline\Pipeline.php(124): call_user_func_array(Array, Array)
#12 [internal function]: Illuminate\Pipeline\Pipeline->Illuminate\Pipeline\{closure}(Object(Illuminate\Http\Request))
#13 W:\domains\-graduate_work1\vendor\laravel\framework\src\Illuminate\Pipeline\Pipeline.php(103): call_user_func(Object(Closure), Object(Illuminate\Http\Request))
#14 W:\domains\-graduate_work1\vendor\laravel\framework\src\Illuminate\Foundation\Http\Kernel.php(122): Illuminate\Pipeline\Pipeline->then(Object(Closure))
#15 W:\domains\-graduate_work1\vendor\laravel\framework\src\Illuminate\Foundation\Http\Kernel.php(87): Illuminate\Foundation\Http\Kernel->sendRequestThroughRouter(Object(Illuminate\Http\Request))
#16 W:\domains\-graduate_work1\public\index.php(54): Illuminate\Foundation\Http\Kernel->handle(Object(Illuminate\Http\Request))
#17 {main}  
[2017-03-02 19:38:31] local.ERROR: exception 'RuntimeException' with message 'No supported encrypter found. The cipher and / or key length are invalid.' in W:\domains\-graduate_work1\vendor\laravel\framework\src\Illuminate\Encryption\EncryptionServiceProvider.php:29
Stack trace:
#0 W:\domains\-graduate_work1\vendor\laravel\framework\src\Illuminate\Container\Container.php(738): Illuminate\Encryption\EncryptionServiceProvider->Illuminate\Encryption\{closure}(Object(Illuminate\Foundation\Application), Array)
#1 W:\domains\-graduate_work1\vendor\laravel\framework\src\Illuminate\Container\Container.php(631): Illuminate\Container\Container->build(Object(Closure), Array)
#2 W:\domains\-graduate_work1\vendor\laravel\framework\src\Illuminate\Foundation\Application.php(674): Illuminate\Container\Container->make('encrypter', Array)
#3 W:\domains\-graduate_work1\vendor\laravel\framework\src\Illuminate\Container\Container.php(842): Illuminate\Foundation\Application->make('Illuminate\\Cont...')
#4 W:\domains\-graduate_work1\vendor\laravel\framework\src\Illuminate\Container\Container.php(805): Illuminate\Container\Container->resolveClass(Object(ReflectionParameter))
#5 W:\domains\-graduate_work1\vendor\laravel\framework\src\Illuminate\Container\Container.php(776): Illuminate\Container\Container->getDependencies(Array, Array)
#6 W:\domains\-graduate_work1\vendor\laravel\framework\src\Illuminate\Container\Container.php(631): Illuminate\Container\Container->build('App\\Http\\Middle...', Array)
#7 W:\domains\-graduate_work1\vendor\laravel\framework\src\Illuminate\Foundation\Application.php(674): Illuminate\Container\Container->make('App\\Http\\Middle...', Array)
#8 W:\domains\-graduate_work1\vendor\laravel\framework\src\Illuminate\Foundation\Http\Kernel.php(142): Illuminate\Foundation\Application->make('App\\Http\\Middle...')
#9 W:\domains\-graduate_work1\public\index.php(58): Illuminate\Foundation\Http\Kernel->terminate(Object(Illuminate\Http\Request), Object(Illuminate\Http\Response))
#10 {main}  
[2017-03-19 11:16:52] local.ERROR: exception 'Symfony\Component\Debug\Exception\FatalErrorException' with message 'Class 'Form' not found' in W:\domains\-graduate_work1\storage\framework\views\42b5ec032c2cebea6ac1d8d49c797095:14
Stack trace:
#0 {main}  
[2017-03-19 11:17:44] local.ERROR: exception 'Symfony\Component\Debug\Exception\FatalErrorException' with message 'Class 'Form' not found' in W:\domains\-graduate_work1\storage\framework\views\42b5ec032c2cebea6ac1d8d49c797095:11
Stack trace:
#0 {main}  
[2017-03-19 11:17:48] local.ERROR: exception 'Symfony\Component\Debug\Exception\FatalErrorException' with message 'Class 'Form' not found' in W:\domains\-graduate_work1\storage\framework\views\42b5ec032c2cebea6ac1d8d49c797095:11
Stack trace:
#0 {main}  
[2017-03-19 11:18:27] local.ERROR: exception 'Symfony\Component\Debug\Exception\FatalErrorException' with message 'Class 'Form' not found' in W:\domains\-graduate_work1\storage\framework\views\42b5ec032c2cebea6ac1d8d49c797095:11
Stack trace:
#0 {main}  
[2017-03-19 11:18:28] local.ERROR: exception 'Symfony\Component\Debug\Exception\FatalErrorException' with message 'Class 'Form' not found' in W:\domains\-graduate_work1\storage\framework\views\42b5ec032c2cebea6ac1d8d49c797095:11
Stack trace:
#0 {main}  
[2017-03-19 11:18:29] local.ERROR: exception 'Symfony\Component\Debug\Exception\FatalErrorException' with message 'Class 'Form' not found' in W:\domains\-graduate_work1\storage\framework\views\42b5ec032c2cebea6ac1d8d49c797095:11
Stack trace:
#0 {main}  
[2017-03-19 11:18:30] local.ERROR: exception 'Symfony\Component\Debug\Exception\FatalErrorException' with message 'Class 'Form' not found' in W:\domains\-graduate_work1\storage\framework\views\42b5ec032c2cebea6ac1d8d49c797095:11
Stack trace:
#0 {main}  
[2017-03-19 11:18:31] local.ERROR: exception 'Symfony\Component\Debug\Exception\FatalErrorException' with message 'Class 'Form' not found' in W:\domains\-graduate_work1\storage\framework\views\42b5ec032c2cebea6ac1d8d49c797095:11
Stack trace:
#0 {main}  
[2017-03-19 11:19:18] local.ERROR: exception 'InvalidArgumentException' with message 'View [layouts.default] not found.' in W:\domains\-graduate_work1\vendor\laravel\framework\src\Illuminate\View\FileViewFinder.php:137
Stack trace:
#0 W:\domains\-graduate_work1\vendor\laravel\framework\src\Illuminate\View\FileViewFinder.php(79): Illuminate\View\FileViewFinder->findInPaths('layouts.default', Array)
#1 W:\domains\-graduate_work1\vendor\laravel\framework\src\Illuminate\View\Factory.php(151): Illuminate\View\FileViewFinder->find('layouts.default')
#2 W:\domains\-graduate_work1\storage\framework\views\42b5ec032c2cebea6ac1d8d49c797095(80): Illuminate\View\Factory->make('layouts.default', Array)
#3 W:\domains\-graduate_work1\vendor\laravel\framework\src\Illuminate\View\Engines\PhpEngine.php(42): include('W:\\domains\\-gra...')
#4 W:\domains\-graduate_work1\vendor\laravel\framework\src\Illuminate\View\Engines\CompilerEngine.php(58): Illuminate\View\Engines\PhpEngine->evaluatePath('W:\\domains\\-gra...', Array)
#5 W:\domains\-graduate_work1\vendor\laravel\framework\src\Illuminate\View\View.php(147): Illuminate\View\Engines\CompilerEngine->get('W:\\domains\\-gra...', Array)
#6 W:\domains\-graduate_work1\vendor\laravel\framework\src\Illuminate\View\View.php(118): Illuminate\View\View->getContents()
#7 W:\domains\-graduate_work1\vendor\laravel\framework\src\Illuminate\View\View.php(83): Illuminate\View\View->renderContents()
#8 W:\domains\-graduate_work1\vendor\laravel\framework\src\Illuminate\Http\Response.php(51): Illuminate\View\View->render()
#9 W:\domains\-graduate_work1\vendor\symfony\http-foundation\Response.php(202): Illuminate\Http\Response->setContent(Object(Illuminate\View\View))
#10 W:\domains\-graduate_work1\vendor\laravel\framework\src\Illuminate\Routing\Router.php(1229): Symfony\Component\HttpFoundation\Response->__construct(Object(Illuminate\View\View))
#11 W:\domains\-graduate_work1\vendor\laravel\framework\src\Illuminate\Routing\ControllerDispatcher.php(113): Illuminate\Routing\Router->prepareResponse(Object(Illuminate\Http\Request), Object(Illuminate\View\View))
#12 [internal function]: Illuminate\Routing\ControllerDispatcher->Illuminate\Routing\{closure}(Object(Illuminate\Http\Request))
#13 W:\domains\-graduate_work1\vendor\laravel\framework\src\Illuminate\Pipeline\Pipeline.php(139): call_user_func(Object(Closure), Object(Illuminate\Http\Request))
#14 W:\domains\-graduate_work1\app\Http\Middleware\RedirectIfAuthenticated.php(41): Illuminate\Pipeline\Pipeline->Illuminate\Pipeline\{closure}(Object(Illuminate\Http\Request))
#15 [internal function]: App\Http\Middleware\RedirectIfAuthenticated->handle(Object(Illuminate\Http\Request), Object(Closure))
#16 W:\domains\-graduate_work1\vendor\laravel\framework\src\Illuminate\Pipeline\Pipeline.php(124): call_user_func_array(Array, Array)
#17 [internal function]: Illuminate\Pipeline\Pipeline->Illuminate\Pipeline\{closure}(Object(Illuminate\Http\Request))
#18 W:\domains\-graduate_work1\vendor\laravel\framework\src\Illuminate\Pipeline\Pipeline.php(103): call_user_func(Object(Closure), Object(Illuminate\Http\Request))
#19 W:\domains\-graduate_work1\vendor\laravel\framework\src\Illuminate\Routing\ControllerDispatcher.php(114): Illuminate\Pipeline\Pipeline->then(Object(Closure))
#20 W:\domains\-graduate_work1\vendor\laravel\framework\src\Illuminate\Routing\ControllerDispatcher.php(69): Illuminate\Routing\ControllerDispatcher->callWithinStack(Object(App\Http\Controllers\Auth\AuthController), Object(Illuminate\Routing\Route), Object(Illuminate\Http\Request), 'getRegister')
#21 W:\domains\-graduate_work1\vendor\laravel\framework\src\Illuminate\Routing\Route.php(203): Illuminate\Routing\ControllerDispatcher->dispatch(Object(Illuminate\Routing\Route), Object(Illuminate\Http\Request), 'App\\Http\\Contro...', 'getRegister')
#22 W:\domains\-graduate_work1\vendor\laravel\framework\src\Illuminate\Routing\Route.php(134): Illuminate\Routing\Route->runWithCustomDispatcher(Object(Illuminate\Http\Request))
#23 W:\domains\-graduate_work1\vendor\laravel\framework\src\Illuminate\Routing\Router.php(708): Illuminate\Routing\Route->run(Object(Illuminate\Http\Request))
#24 [internal function]: Illuminate\Routing\Router->Illuminate\Routing\{closure}(Object(Illuminate\Http\Request))
#25 W:\domains\-graduate_work1\vendor\laravel\framework\src\Illuminate\Pipeline\Pipeline.php(139): call_user_func(Object(Closure), Object(Illuminate\Http\Request))
#26 [internal function]: Illuminate\Pipeline\Pipeline->Illuminate\Pipeline\{closure}(Object(Illuminate\Http\Request))
#27 W:\domains\-graduate_work1\vendor\laravel\framework\src\Illuminate\Pipeline\Pipeline.php(103): call_user_func(Object(Closure), Object(Illuminate\Http\Request))
#28 W:\domains\-graduate_work1\vendor\laravel\framework\src\Illuminate\Routing\Router.php(710): Illuminate\Pipeline\Pipeline->then(Object(Closure))
#29 W:\domains\-graduate_work1\vendor\laravel\framework\src\Illuminate\Routing\Router.php(675): Illuminate\Routing\Router->runRouteWithinStack(Object(Illuminate\Routing\Route), Object(Illuminate\Http\Request))
#30 W:\domains\-graduate_work1\vendor\laravel\framework\src\Illuminate\Routing\Router.php(635): Illuminate\Routing\Router->dispatchToRoute(Object(Illuminate\Http\Request))
#31 W:\domains\-graduate_work1\vendor\laravel\framework\src\Illuminate\Foundation\Http\Kernel.php(236): Illuminate\Routing\Router->dispatch(Object(Illuminate\Http\Request))
#32 [internal function]: Illuminate\Foundation\Http\Kernel->Illuminate\Foundation\Http\{closure}(Object(Illuminate\Http\Request))
#33 W:\domains\-graduate_work1\vendor\laravel\framework\src\Illuminate\Pipeline\Pipeline.php(139): call_user_func(Object(Closure), Object(Illuminate\Http\Request))
#34 W:\domains\-graduate_work1\vendor\laravel\framework\src\Illuminate\Foundation\Http\Middleware\VerifyCsrfToken.php(50): Illuminate\Pipeline\Pipeline->Illuminate\Pipeline\{closure}(Object(Illuminate\Http\Request))
#35 [internal function]: Illuminate\Foundation\Http\Middleware\VerifyCsrfToken->handle(Object(Illuminate\Http\Request), Object(Closure))
#36 W:\domains\-graduate_work1\vendor\laravel\framework\src\Illuminate\Pipeline\Pipeline.php(124): call_user_func_array(Array, Array)
#37 W:\domains\-graduate_work1\vendor\laravel\framework\src\Illuminate\View\Middleware\ShareErrorsFromSession.php(49): Illuminate\Pipeline\Pipeline->Illuminate\Pipeline\{closure}(Object(Illuminate\Http\Request))
#38 [internal function]: Illuminate\View\Middleware\ShareErrorsFromSession->handle(Object(Illuminate\Http\Request), Object(Closure))
#39 W:\domains\-graduate_work1\vendor\laravel\framework\src\Illuminate\Pipeline\Pipeline.php(124): call_user_func_array(Array, Array)
#40 W:\domains\-graduate_work1\vendor\laravel\framework\src\Illuminate\Session\Middleware\StartSession.php(62): Illuminate\Pipeline\Pipeline->Illuminate\Pipeline\{closure}(Object(Illuminate\Http\Request))
#41 [internal function]: Illuminate\Session\Middleware\StartSession->handle(Object(Illuminate\Http\Request), Object(Closure))
#42 W:\domains\-graduate_work1\vendor\laravel\framework\src\Illuminate\Pipeline\Pipeline.php(124): call_user_func_array(Array, Array)
#43 W:\domains\-graduate_work1\vendor\laravel\framework\src\Illuminate\Cookie\Middleware\AddQueuedCookiesToResponse.php(37): Illuminate\Pipeline\Pipeline->Illuminate\Pipeline\{closure}(Object(Illuminate\Http\Request))
#44 [internal function]: Illuminate\Cookie\Middleware\AddQueuedCookiesToResponse->handle(Object(Illuminate\Http\Request), Object(Closure))
#45 W:\domains\-graduate_work1\vendor\laravel\framework\src\Illuminate\Pipeline\Pipeline.php(124): call_user_func_array(Array, Array)
#46 W:\domains\-graduate_work1\vendor\laravel\framework\src\Illuminate\Cookie\Middleware\EncryptCookies.php(59): Illuminate\Pipeline\Pipeline->Illuminate\Pipeline\{closure}(Object(Illuminate\Http\Request))
#47 [internal function]: Illuminate\Cookie\Middleware\EncryptCookies->handle(Object(Illuminate\Http\Request), Object(Closure))
#48 W:\domains\-graduate_work1\vendor\laravel\framework\src\Illuminate\Pipeline\Pipeline.php(124): call_user_func_array(Array, Array)
#49 W:\domains\-graduate_work1\vendor\laravel\framework\src\Illuminate\Foundation\Http\Middleware\CheckForMaintenanceMode.php(44): Illuminate\Pipeline\Pipeline->Illuminate\Pipeline\{closure}(Object(Illuminate\Http\Request))
#50 [internal function]: Illuminate\Foundation\Http\Middleware\CheckForMaintenanceMode->handle(Object(Illuminate\Http\Request), Object(Closure))
#51 W:\domains\-graduate_work1\vendor\laravel\framework\src\Illuminate\Pipeline\Pipeline.php(124): call_user_func_array(Array, Array)
#52 [internal function]: Illuminate\Pipeline\Pipeline->Illuminate\Pipeline\{closure}(Object(Illuminate\Http\Request))
#53 W:\domains\-graduate_work1\vendor\laravel\framework\src\Illuminate\Pipeline\Pipeline.php(103): call_user_func(Object(Closure), Object(Illuminate\Http\Request))
#54 W:\domains\-graduate_work1\vendor\laravel\framework\src\Illuminate\Foundation\Http\Kernel.php(122): Illuminate\Pipeline\Pipeline->then(Object(Closure))
#55 W:\domains\-graduate_work1\vendor\laravel\framework\src\Illuminate\Foundation\Http\Kernel.php(87): Illuminate\Foundation\Http\Kernel->sendRequestThroughRouter(Object(Illuminate\Http\Request))
#56 W:\domains\-graduate_work1\public\index.php(54): Illuminate\Foundation\Http\Kernel->handle(Object(Illuminate\Http\Request))
#57 {main}

Next exception 'ErrorException' with message 'View [layouts.default] not found. (View: W:\domains\-graduate_work1\resources\views\auth\register.blade.php)' in W:\domains\-graduate_work1\vendor\laravel\framework\src\Illuminate\View\FileViewFinder.php:137
Stack trace:
#0 W:\domains\-graduate_work1\vendor\laravel\framework\src\Illuminate\View\Engines\PhpEngine.php(44): Illuminate\View\Engines\CompilerEngine->handleViewException(Object(InvalidArgumentException), 0)
#1 W:\domains\-graduate_work1\vendor\laravel\framework\src\Illuminate\View\Engines\CompilerEngine.php(58): Illuminate\View\Engines\PhpEngine->evaluatePath('W:\\domains\\-gra...', Array)
#2 W:\domains\-graduate_work1\vendor\laravel\framework\src\Illuminate\View\View.php(147): Illuminate\View\Engines\CompilerEngine->get('W:\\domains\\-gra...', Array)
#3 W:\domains\-graduate_work1\vendor\laravel\framework\src\Illuminate\View\View.php(118): Illuminate\View\View->getContents()
#4 W:\domains\-graduate_work1\vendor\laravel\framework\src\Illuminate\View\View.php(83): Illuminate\View\View->renderContents()
#5 W:\domains\-graduate_work1\vendor\laravel\framework\src\Illuminate\Http\Response.php(51): Illuminate\View\View->render()
#6 W:\domains\-graduate_work1\vendor\symfony\http-foundation\Response.php(202): Illuminate\Http\Response->setContent(Object(Illuminate\View\View))
#7 W:\domains\-graduate_work1\vendor\laravel\framework\src\Illuminate\Routing\Router.php(1229): Symfony\Component\HttpFoundation\Response->__construct(Object(Illuminate\View\View))
#8 W:\domains\-graduate_work1\vendor\laravel\framework\src\Illuminate\Routing\ControllerDispatcher.php(113): Illuminate\Routing\Router->prepareResponse(Object(Illuminate\Http\Request), Object(Illuminate\View\View))
#9 [internal function]: Illuminate\Routing\ControllerDispatcher->Illuminate\Routing\{closure}(Object(Illuminate\Http\Request))
#10 W:\domains\-graduate_work1\vendor\laravel\framework\src\Illuminate\Pipeline\Pipeline.php(139): call_user_func(Object(Closure), Object(Illuminate\Http\Request))
#11 W:\domains\-graduate_work1\app\Http\Middleware\RedirectIfAuthenticated.php(41): Illuminate\Pipeline\Pipeline->Illuminate\Pipeline\{closure}(Object(Illuminate\Http\Request))
#12 [internal function]: App\Http\Middleware\RedirectIfAuthenticated->handle(Object(Illuminate\Http\Request), Object(Closure))
#13 W:\domains\-graduate_work1\vendor\laravel\framework\src\Illuminate\Pipeline\Pipeline.php(124): call_user_func_array(Array, Array)
#14 [internal function]: Illuminate\Pipeline\Pipeline->Illuminate\Pipeline\{closure}(Object(Illuminate\Http\Request))
#15 W:\domains\-graduate_work1\vendor\laravel\framework\src\Illuminate\Pipeline\Pipeline.php(103): call_user_func(Object(Closure), Object(Illuminate\Http\Request))
#16 W:\domains\-graduate_work1\vendor\laravel\framework\src\Illuminate\Routing\ControllerDispatcher.php(114): Illuminate\Pipeline\Pipeline->then(Object(Closure))
#17 W:\domains\-graduate_work1\vendor\laravel\framework\src\Illuminate\Routing\ControllerDispatcher.php(69): Illuminate\Routing\ControllerDispatcher->callWithinStack(Object(App\Http\Controllers\Auth\AuthController), Object(Illuminate\Routing\Route), Object(Illuminate\Http\Request), 'getRegister')
#18 W:\domains\-graduate_work1\vendor\laravel\framework\src\Illuminate\Routing\Route.php(203): Illuminate\Routing\ControllerDispatcher->dispatch(Object(Illuminate\Routing\Route), Object(Illuminate\Http\Request), 'App\\Http\\Contro...', 'getRegister')
#19 W:\domains\-graduate_work1\vendor\laravel\framework\src\Illuminate\Routing\Route.php(134): Illuminate\Routing\Route->runWithCustomDispatcher(Object(Illuminate\Http\Request))
#20 W:\domains\-graduate_work1\vendor\laravel\framework\src\Illuminate\Routing\Router.php(708): Illuminate\Routing\Route->run(Object(Illuminate\Http\Request))
#21 [internal function]: Illuminate\Routing\Router->Illuminate\Routing\{closure}(Object(Illuminate\Http\Request))
#22 W:\domains\-graduate_work1\vendor\laravel\framework\src\Illuminate\Pipeline\Pipeline.php(139): call_user_func(Object(Closure), Object(Illuminate\Http\Request))
#23 [internal function]: Illuminate\Pipeline\Pipeline->Illuminate\Pipeline\{closure}(Object(Illuminate\Http\Request))
#24 W:\domains\-graduate_work1\vendor\laravel\framework\src\Illuminate\Pipeline\Pipeline.php(103): call_user_func(Object(Closure), Object(Illuminate\Http\Request))
#25 W:\domains\-graduate_work1\vendor\laravel\framework\src\Illuminate\Routing\Router.php(710): Illuminate\Pipeline\Pipeline->then(Object(Closure))
#26 W:\domains\-graduate_work1\vendor\laravel\framework\src\Illuminate\Routing\Router.php(675): Illuminate\Routing\Router->runRouteWithinStack(Object(Illuminate\Routing\Route), Object(Illuminate\Http\Request))
#27 W:\domains\-graduate_work1\vendor\laravel\framework\src\Illuminate\Routing\Router.php(635): Illuminate\Routing\Router->dispatchToRoute(Object(Illuminate\Http\Request))
#28 W:\domains\-graduate_work1\vendor\laravel\framework\src\Illuminate\Foundation\Http\Kernel.php(236): Illuminate\Routing\Router->dispatch(Object(Illuminate\Http\Request))
#29 [internal function]: Illuminate\Foundation\Http\Kernel->Illuminate\Foundation\Http\{closure}(Object(Illuminate\Http\Request))
#30 W:\domains\-graduate_work1\vendor\laravel\framework\src\Illuminate\Pipeline\Pipeline.php(139): call_user_func(Object(Closure), Object(Illuminate\Http\Request))
#31 W:\domains\-graduate_work1\vendor\laravel\framework\src\Illuminate\Foundation\Http\Middleware\VerifyCsrfToken.php(50): Illuminate\Pipeline\Pipeline->Illuminate\Pipeline\{closure}(Object(Illuminate\Http\Request))
#32 [internal function]: Illuminate\Foundation\Http\Middleware\VerifyCsrfToken->handle(Object(Illuminate\Http\Request), Object(Closure))
#33 W:\domains\-graduate_work1\vendor\laravel\framework\src\Illuminate\Pipeline\Pipeline.php(124): call_user_func_array(Array, Array)
#34 W:\domains\-graduate_work1\vendor\laravel\framework\src\Illuminate\View\Middleware\ShareErrorsFromSession.php(49): Illuminate\Pipeline\Pipeline->Illuminate\Pipeline\{closure}(Object(Illuminate\Http\Request))
#35 [internal function]: Illuminate\View\Middleware\ShareErrorsFromSession->handle(Object(Illuminate\Http\Request), Object(Closure))
#36 W:\domains\-graduate_work1\vendor\laravel\framework\src\Illuminate\Pipeline\Pipeline.php(124): call_user_func_array(Array, Array)
#37 W:\domains\-graduate_work1\vendor\laravel\framework\src\Illuminate\Session\Middleware\StartSession.php(62): Illuminate\Pipeline\Pipeline->Illuminate\Pipeline\{closure}(Object(Illuminate\Http\Request))
#38 [internal function]: Illuminate\Session\Middleware\StartSession->handle(Object(Illuminate\Http\Request), Object(Closure))
#39 W:\domains\-graduate_work1\vendor\laravel\framework\src\Illuminate\Pipeline\Pipeline.php(124): call_user_func_array(Array, Array)
#40 W:\domains\-graduate_work1\vendor\laravel\framework\src\Illuminate\Cookie\Middleware\AddQueuedCookiesToResponse.php(37): Illuminate\Pipeline\Pipeline->Illuminate\Pipeline\{closure}(Object(Illuminate\Http\Request))
#41 [internal function]: Illuminate\Cookie\Middleware\AddQueuedCookiesToResponse->handle(Object(Illuminate\Http\Request), Object(Closure))
#42 W:\domains\-graduate_work1\vendor\laravel\framework\src\Illuminate\Pipeline\Pipeline.php(124): call_user_func_array(Array, Array)
#43 W:\domains\-graduate_work1\vendor\laravel\framework\src\Illuminate\Cookie\Middleware\EncryptCookies.php(59): Illuminate\Pipeline\Pipeline->Illuminate\Pipeline\{closure}(Object(Illuminate\Http\Request))
#44 [internal function]: Illuminate\Cookie\Middleware\EncryptCookies->handle(Object(Illuminate\Http\Request), Object(Closure))
#45 W:\domains\-graduate_work1\vendor\laravel\framework\src\Illuminate\Pipeline\Pipeline.php(124): call_user_func_array(Array, Array)
#46 W:\domains\-graduate_work1\vendor\laravel\framework\src\Illuminate\Foundation\Http\Middleware\CheckForMaintenanceMode.php(44): Illuminate\Pipeline\Pipeline->Illuminate\Pipeline\{closure}(Object(Illuminate\Http\Request))
#47 [internal function]: Illuminate\Foundation\Http\Middleware\CheckForMaintenanceMode->handle(Object(Illuminate\Http\Request), Object(Closure))
#48 W:\domains\-graduate_work1\vendor\laravel\framework\src\Illuminate\Pipeline\Pipeline.php(124): call_user_func_array(Array, Array)
#49 [internal function]: Illuminate\Pipeline\Pipeline->Illuminate\Pipeline\{closure}(Object(Illuminate\Http\Request))
#50 W:\domains\-graduate_work1\vendor\laravel\framework\src\Illuminate\Pipeline\Pipeline.php(103): call_user_func(Object(Closure), Object(Illuminate\Http\Request))
#51 W:\domains\-graduate_work1\vendor\laravel\framework\src\Illuminate\Foundation\Http\Kernel.php(122): Illuminate\Pipeline\Pipeline->then(Object(Closure))
#52 W:\domains\-graduate_work1\vendor\laravel\framework\src\Illuminate\Foundation\Http\Kernel.php(87): Illuminate\Foundation\Http\Kernel->sendRequestThroughRouter(Object(Illuminate\Http\Request))
#53 W:\domains\-graduate_work1\public\index.php(54): Illuminate\Foundation\Http\Kernel->handle(Object(Illuminate\Http\Request))
#54 {main}  
[2017-03-19 13:37:04] local.ERROR: exception 'PDOException' with message 'SQLSTATE[HY000] [1045] Access denied for user 'homestead'@'localhost' (using password: YES)' in W:\domains\-graduate_work1\vendor\laravel\framework\src\Illuminate\Database\Connectors\Connector.php:55
Stack trace:
#0 W:\domains\-graduate_work1\vendor\laravel\framework\src\Illuminate\Database\Connectors\Connector.php(55): PDO->__construct('mysql:host=127....', 'homestead', 'secret', Array)
#1 W:\domains\-graduate_work1\vendor\laravel\framework\src\Illuminate\Database\Connectors\MySqlConnector.php(22): Illuminate\Database\Connectors\Connector->createConnection('mysql:host=127....', Array, Array)
#2 W:\domains\-graduate_work1\vendor\laravel\framework\src\Illuminate\Database\Connectors\ConnectionFactory.php(60): Illuminate\Database\Connectors\MySqlConnector->connect(Array)
#3 W:\domains\-graduate_work1\vendor\laravel\framework\src\Illuminate\Database\Connectors\ConnectionFactory.php(49): Illuminate\Database\Connectors\ConnectionFactory->createSingleConnection(Array)
#4 W:\domains\-graduate_work1\vendor\laravel\framework\src\Illuminate\Database\DatabaseManager.php(175): Illuminate\Database\Connectors\ConnectionFactory->make(Array, 'mysql')
#5 W:\domains\-graduate_work1\vendor\laravel\framework\src\Illuminate\Database\DatabaseManager.php(67): Illuminate\Database\DatabaseManager->makeConnection('mysql')
#6 W:\domains\-graduate_work1\vendor\laravel\framework\src\Illuminate\Database\Eloquent\Model.php(3224): Illuminate\Database\DatabaseManager->connection(NULL)
#7 W:\domains\-graduate_work1\vendor\laravel\framework\src\Illuminate\Database\Eloquent\Model.php(3190): Illuminate\Database\Eloquent\Model::resolveConnection(NULL)
#8 W:\domains\-graduate_work1\vendor\laravel\framework\src\Illuminate\Database\Eloquent\Model.php(1870): Illuminate\Database\Eloquent\Model->getConnection()
#9 W:\domains\-graduate_work1\vendor\laravel\framework\src\Illuminate\Database\Eloquent\Model.php(1813): Illuminate\Database\Eloquent\Model->newBaseQueryBuilder()
#10 W:\domains\-graduate_work1\vendor\laravel\framework\src\Illuminate\Database\Eloquent\Model.php(1787): Illuminate\Database\Eloquent\Model->newQueryWithoutScopes()
#11 W:\domains\-graduate_work1\vendor\laravel\framework\src\Illuminate\Auth\EloquentUserProvider.php(92): Illuminate\Database\Eloquent\Model->newQuery()
#12 W:\domains\-graduate_work1\vendor\laravel\framework\src\Illuminate\Auth\Guard.php(365): Illuminate\Auth\EloquentUserProvider->retrieveByCredentials(Array)
#13 [internal function]: Illuminate\Auth\Guard->attempt(Array, false)
#14 W:\domains\-graduate_work1\vendor\laravel\framework\src\Illuminate\Support\Manager.php(137): call_user_func_array(Array, Array)
#15 W:\domains\-graduate_work1\vendor\laravel\framework\src\Illuminate\Support\Facades\Facade.php(217): Illuminate\Support\Manager->__call('attempt', Array)
#16 W:\domains\-graduate_work1\vendor\laravel\framework\src\Illuminate\Support\Facades\Facade.php(217): Illuminate\Auth\AuthManager->attempt(Array, false)
#17 W:\domains\-graduate_work1\vendor\laravel\framework\src\Illuminate\Foundation\Auth\AuthenticatesUsers.php(50): Illuminate\Support\Facades\Facade::__callStatic('attempt', Array)
#18 W:\domains\-graduate_work1\vendor\laravel\framework\src\Illuminate\Foundation\Auth\AuthenticatesUsers.php(50): Illuminate\Support\Facades\Auth::attempt(Array, false)
#19 [internal function]: App\Http\Controllers\Auth\AuthController->postLogin(Object(Illuminate\Http\Request))
#20 W:\domains\-graduate_work1\vendor\laravel\framework\src\Illuminate\Routing\Controller.php(256): call_user_func_array(Array, Array)
#21 W:\domains\-graduate_work1\vendor\laravel\framework\src\Illuminate\Routing\ControllerDispatcher.php(164): Illuminate\Routing\Controller->callAction('postLogin', Array)
#22 W:\domains\-graduate_work1\vendor\laravel\framework\src\Illuminate\Routing\ControllerDispatcher.php(112): Illuminate\Routing\ControllerDispatcher->call(Object(App\Http\Controllers\Auth\AuthController), Object(Illuminate\Routing\Route), 'postLogin')
#23 [internal function]: Illuminate\Routing\ControllerDispatcher->Illuminate\Routing\{closure}(Object(Illuminate\Http\Request))
#24 W:\domains\-graduate_work1\vendor\laravel\framework\src\Illuminate\Pipeline\Pipeline.php(139): call_user_func(Object(Closure), Object(Illuminate\Http\Request))
#25 W:\domains\-graduate_work1\app\Http\Middleware\RedirectIfAuthenticated.php(41): Illuminate\Pipeline\Pipeline->Illuminate\Pipeline\{closure}(Object(Illuminate\Http\Request))
#26 [internal function]: App\Http\Middleware\RedirectIfAuthenticated->handle(Object(Illuminate\Http\Request), Object(Closure))
#27 W:\domains\-graduate_work1\vendor\laravel\framework\src\Illuminate\Pipeline\Pipeline.php(124): call_user_func_array(Array, Array)
#28 [internal function]: Illuminate\Pipeline\Pipeline->Illuminate\Pipeline\{closure}(Object(Illuminate\Http\Request))
#29 W:\domains\-graduate_work1\vendor\laravel\framework\src\Illuminate\Pipeline\Pipeline.php(103): call_user_func(Object(Closure), Object(Illuminate\Http\Request))
#30 W:\domains\-graduate_work1\vendor\laravel\framework\src\Illuminate\Routing\ControllerDispatcher.php(114): Illuminate\Pipeline\Pipeline->then(Object(Closure))
#31 W:\domains\-graduate_work1\vendor\laravel\framework\src\Illuminate\Routing\ControllerDispatcher.php(69): Illuminate\Routing\ControllerDispatcher->callWithinStack(Object(App\Http\Controllers\Auth\AuthController), Object(Illuminate\Routing\Route), Object(Illuminate\Http\Request), 'postLogin')
#32 W:\domains\-graduate_work1\vendor\laravel\framework\src\Illuminate\Routing\Route.php(203): Illuminate\Routing\ControllerDispatcher->dispatch(Object(Illuminate\Routing\Route), Object(Illuminate\Http\Request), 'App\\Http\\Contro...', 'postLogin')
#33 W:\domains\-graduate_work1\vendor\laravel\framework\src\Illuminate\Routing\Route.php(134): Illuminate\Routing\Route->runWithCustomDispatcher(Object(Illuminate\Http\Request))
#34 W:\domains\-graduate_work1\vendor\laravel\framework\src\Illuminate\Routing\Router.php(708): Illuminate\Routing\Route->run(Object(Illuminate\Http\Request))
#35 [internal function]: Illuminate\Routing\Router->Illuminate\Routing\{closure}(Object(Illuminate\Http\Request))
#36 W:\domains\-graduate_work1\vendor\laravel\framework\src\Illuminate\Pipeline\Pipeline.php(139): call_user_func(Object(Closure), Object(Illuminate\Http\Request))
#37 [internal function]: Illuminate\Pipeline\Pipeline->Illuminate\Pipeline\{closure}(Object(Illuminate\Http\Request))
#38 W:\domains\-graduate_work1\vendor\laravel\framework\src\Illuminate\Pipeline\Pipeline.php(103): call_user_func(Object(Closure), Object(Illuminate\Http\Request))
#39 W:\domains\-graduate_work1\vendor\laravel\framework\src\Illuminate\Routing\Router.php(710): Illuminate\Pipeline\Pipeline->then(Object(Closure))
#40 W:\domains\-graduate_work1\vendor\laravel\framework\src\Illuminate\Routing\Router.php(675): Illuminate\Routing\Router->runRouteWithinStack(Object(Illuminate\Routing\Route), Object(Illuminate\Http\Request))
#41 W:\domains\-graduate_work1\vendor\laravel\framework\src\Illuminate\Routing\Router.php(635): Illuminate\Routing\Router->dispatchToRoute(Object(Illuminate\Http\Request))
#42 W:\domains\-graduate_work1\vendor\laravel\framework\src\Illuminate\Foundation\Http\Kernel.php(236): Illuminate\Routing\Router->dispatch(Object(Illuminate\Http\Request))
#43 [internal function]: Illuminate\Foundation\Http\Kernel->Illuminate\Foundation\Http\{closure}(Object(Illuminate\Http\Request))
#44 W:\domains\-graduate_work1\vendor\laravel\framework\src\Illuminate\Pipeline\Pipeline.php(139): call_user_func(Object(Closure), Object(Illuminate\Http\Request))
#45 W:\domains\-graduate_work1\vendor\laravel\framework\src\Illuminate\Foundation\Http\Middleware\VerifyCsrfToken.php(50): Illuminate\Pipeline\Pipeline->Illuminate\Pipeline\{closure}(Object(Illuminate\Http\Request))
#46 [internal function]: Illuminate\Foundation\Http\Middleware\VerifyCsrfToken->handle(Object(Illuminate\Http\Request), Object(Closure))
#47 W:\domains\-graduate_work1\vendor\laravel\framework\src\Illuminate\Pipeline\Pipeline.php(124): call_user_func_array(Array, Array)
#48 W:\domains\-graduate_work1\vendor\laravel\framework\src\Illuminate\View\Middleware\ShareErrorsFromSession.php(49): Illuminate\Pipeline\Pipeline->Illuminate\Pipeline\{closure}(Object(Illuminate\Http\Request))
#49 [internal function]: Illuminate\View\Middleware\ShareErrorsFromSession->handle(Object(Illuminate\Http\Request), Object(Closure))
#50 W:\domains\-graduate_work1\vendor\laravel\framework\src\Illuminate\Pipeline\Pipeline.php(124): call_user_func_array(Array, Array)
#51 W:\domains\-graduate_work1\vendor\laravel\framework\src\Illuminate\Session\Middleware\StartSession.php(62): Illuminate\Pipeline\Pipeline->Illuminate\Pipeline\{closure}(Object(Illuminate\Http\Request))
#52 [internal function]: Illuminate\Session\Middleware\StartSession->handle(Object(Illuminate\Http\Request), Object(Closure))
#53 W:\domains\-graduate_work1\vendor\laravel\framework\src\Illuminate\Pipeline\Pipeline.php(124): call_user_func_array(Array, Array)
#54 W:\domains\-graduate_work1\vendor\laravel\framework\src\Illuminate\Cookie\Middleware\AddQueuedCookiesToResponse.php(37): Illuminate\Pipeline\Pipeline->Illuminate\Pipeline\{closure}(Object(Illuminate\Http\Request))
#55 [internal function]: Illuminate\Cookie\Middleware\AddQueuedCookiesToResponse->handle(Object(Illuminate\Http\Request), Object(Closure))
#56 W:\domains\-graduate_work1\vendor\laravel\framework\src\Illuminate\Pipeline\Pipeline.php(124): call_user_func_array(Array, Array)
#57 W:\domains\-graduate_work1\vendor\laravel\framework\src\Illuminate\Cookie\Middleware\EncryptCookies.php(59): Illuminate\Pipeline\Pipeline->Illuminate\Pipeline\{closure}(Object(Illuminate\Http\Request))
#58 [internal function]: Illuminate\Cookie\Middleware\EncryptCookies->handle(Object(Illuminate\Http\Request), Object(Closure))
#59 W:\domains\-graduate_work1\vendor\laravel\framework\src\Illuminate\Pipeline\Pipeline.php(124): call_user_func_array(Array, Array)
#60 W:\domains\-graduate_work1\vendor\laravel\framework\src\Illuminate\Foundation\Http\Middleware\CheckForMaintenanceMode.php(44): Illuminate\Pipeline\Pipeline->Illuminate\Pipeline\{closure}(Object(Illuminate\Http\Request))
#61 [internal function]: Illuminate\Foundation\Http\Middleware\CheckForMaintenanceMode->handle(Object(Illuminate\Http\Request), Object(Closure))
#62 W:\domains\-graduate_work1\vendor\laravel\framework\src\Illuminate\Pipeline\Pipeline.php(124): call_user_func_array(Array, Array)
#63 [internal function]: Illuminate\Pipeline\Pipeline->Illuminate\Pipeline\{closure}(Object(Illuminate\Http\Request))
#64 W:\domains\-graduate_work1\vendor\laravel\framework\src\Illuminate\Pipeline\Pipeline.php(103): call_user_func(Object(Closure), Object(Illuminate\Http\Request))
#65 W:\domains\-graduate_work1\vendor\laravel\framework\src\Illuminate\Foundation\Http\Kernel.php(122): Illuminate\Pipeline\Pipeline->then(Object(Closure))
#66 W:\domains\-graduate_work1\vendor\laravel\framework\src\Illuminate\Foundation\Http\Kernel.php(87): Illuminate\Foundation\Http\Kernel->sendRequestThroughRouter(Object(Illuminate\Http\Request))
#67 W:\domains\-graduate_work1\public\index.php(54): Illuminate\Foundation\Http\Kernel->handle(Object(Illuminate\Http\Request))
#68 {main}  
